=================================================================================================
RISC-V opensbi boot (fw_jump) + uboot + no payload
=================================================================================================
Build uboot:
make qemu-riscv64_smode_defconfig
make

Build openSBI:
make PLATFORM=generic FW_PAYLOAD_PATH=/home/abc/riscv/summit/uboot-src/u-boot/u-boot.bin
=================================================================================================
Boot command:

qemu-system-riscv64 -M virt -m 256M -nographic \
	-bios build/platform/generic/firmware/fw_payload.elf

Boot Output:

OpenSBI v0.9
   ____                    _____ ____ _____
  / __ \                  / ____|  _ \_   _|
 | |  | |_ __   ___ _ __ | (___ | |_) || |
 | |  | | '_ \ / _ \ '_ \ \___ \|  _ < | |
 | |__| | |_) |  __/ | | |____) | |_) || |_
  \____/| .__/ \___|_| |_|_____/|____/_____|
        | |
        |_|

Platform Name             : riscv-virtio,qemu
Platform Features         : timer,mfdeleg
Platform HART Count       : 1
Firmware Base             : 0x80000000
Firmware Size             : 100 KB
Runtime SBI Version       : 0.3

Domain0 Name              : root
Domain0 Boot HART         : 0
Domain0 HARTs             : 0*
Domain0 Region00          : 0x0000000002000000-0x000000000200ffff (I)
Domain0 Region01          : 0x0000000080000000-0x000000008001ffff ()
Domain0 Region02          : 0x0000000000000000-0xffffffffffffffff (R,W,X)
Domain0 Next Address      : 0x0000000080200000
Domain0 Next Arg1         : 0x0000000082200000
Domain0 Next Mode         : S-mode
Domain0 SysReset          : yes

Boot HART ID              : 0
Boot HART Domain          : root
Boot HART ISA             : rv64imafdcsu
Boot HART Features        : scounteren,mcounteren
Boot HART PMP Count       : 16
Boot HART PMP Granularity : 4
Boot HART PMP Address Bits: 54
Boot HART MHPM Count      : 0
Boot HART MHPM Count      : 0
Boot HART MIDELEG         : 0x0000000000000222
Boot HART MEDELEG         : 0x000000000000b109


U-Boot 2021.04-00906-g3a9aaefcaa (Apr 19 2021 - 11:41:30 +0800)

CPU:   rv64imafdcsu
Model: riscv-virtio,qemu
DRAM:  256 MiB
Loading Environment from nowhere... OK
In:    uart@10000000
Out:   uart@10000000
Err:   uart@10000000
Net:   No ethernet found.
Hit any key to stop autoboot:  0 

Device 0: unknown device
scanning bus for devices...

Device 0: unknown device
No ethernet found.
No ethernet found.
=> 

