SecCoreStartupWithStack(0xFFFCC000, 0x820000)
Register PPI Notify: DCD0BE23-9586-40F4-B643-06522CED4EDE
Install PPI: 8C8CE578-8A3D-4F1C-9935-896185C32DD3
Install PPI: 5473C07A-3DCB-4DCA-BD6F-1E9689E7349A
The 0th FV start address is 0x00000820000, size is 0x000E0000, handle is 0x820000
Register PPI Notify: 49EDB1C1-BF21-4761-BB12-EB0031AABB39
Register PPI Notify: EA7CA24B-DED5-4DAD-A389-BF827E8F9B38
Install PPI: B9E0ABFE-5979-4914-977F-6DEE78C278A6
Install PPI: DBE23AA9-A345-4B97-85B6-B226F1617389
DiscoverPeimsAndOrderWithApriori(): Found 0x7 PEI FFS files in the 0th FV
Loading PEIM 9B3ADA4F-AE56-4C24-8DEA-F03B7558AE50
Loading PEIM at 0x0000082BA40 EntryPoint=0x0000082EB04 PcdPeim.efi
Install PPI: 06E81C58-4AD7-44BC-8390-F10265F72480
Install PPI: 01F34D25-4DE2-23AD-3FF3-36353FF323F1
Install PPI: 4D8B155B-C059-4C8F-8926-06FD4331DB8A
Install PPI: A60C6B59-E459-425D-9C69-0BCC9CB27D81
Register PPI Notify: 605EA650-C65C-42E1-BA80-91A52AB618C6
Loading PEIM A3610442-E69F-4DF3-82CA-2360C4031A23
Loading PEIM at 0x000008303C0 EntryPoint=0x000008316E1 ReportStatusCodeRouterPei.efi
Install PPI: 0065D394-9951-4144-82A3-0AFC8579C251
Install PPI: 229832D3-7A30-4B36-B827-F40CB7D45436
Loading PEIM 9D225237-FA01-464C-A949-BAABC02D31D0
Loading PEIM at 0x00000832340 EntryPoint=0x000008334F5 StatusCodeHandlerPei.efi
Loading PEIM 222C386D-5ABC-4FB4-B124-FBB82488ACF4
Loading PEIM at 0x00000834240 EntryPoint=0x00000839AFD PlatformPei.efi
Select Item: 0x0
FW CFG Signature: 0x554D4551
Select Item: 0x1
FW CFG Revision: 0x3
QemuFwCfg interface (DMA) is supported.
Platform PEIM Loaded
CMOS:
00: 12 00 55 00 04 00 04 23 06 21 26 02 00 80 00 00
10: 50 00 F0 00 07 80 02 FF FF 2F 00 00 04 10 FF FF
20: C8 00 04 3F 00 00 00 00 00 00 00 00 00 00 00 00
30: FF FF 20 00 00 07 00 20 30 00 00 00 00 12 00 00
40: 00 00 00 00 00 00 00 00 00 00 00 00 00 00 00 00
50: 00 00 00 00 00 00 00 00 00 00 00 00 00 00 00 00
60: 00 00 00 00 00 00 00 00 00 00 00 00 00 00 00 00
70: 00 00 00 00 00 00 00 00 00 00 00 00 00 00 00 00
Select Item: 0x19
Select Item: 0x28
S3 support was detected on QEMU
Install PPI: 7408D748-FC8C-4EE6-9288-C4BEC092A410
Select Item: 0x19
Select Item: 0x25
Select Item: 0x19
Select Item: 0x19
GetFirstNonAddress: Pci64Base=0x800000000 Pci64Size=0x800000000
Select Item: 0x5
MaxCpuCountInitialization: QEMU v2.7 reset bug: BootCpuCount=1 Present=0
MaxCpuCountInitialization: BootCpuCount=0 mMaxCpuCount=1
PublishPeiMemory: mPhysMemAddressWidth=36 PeiMemoryCap=65800 KB
PeiInstallPeiMemory MemoryBegin 0x3F36000, MemoryLength 0x4042000
QemuInitializeRam called
Select Item: 0x19
Select Item: 0x25
Reserved variable store memory: 0x7EF4000; size: 528kb
Platform PEI Firmware Volume Initialization
Install PPI: 49EDB1C1-BF21-4761-BB12-EB0031AABB39
Notify: PPI Guid: 49EDB1C1-BF21-4761-BB12-EB0031AABB39, Peim notify entry point: 825CAD
The 1th FV start address is 0x00000900000, size is 0x00C00000, handle is 0x900000
Select Item: 0x19
Register PPI Notify: EE16160A-E8BE-47A6-820A-C6900DB0250A
Select Item: 0x19
Temp Stack : BaseAddress=0x818000 Length=0x8000
Temp Heap  : BaseAddress=0x810000 Length=0x8000
Total temporary memory:    65536 bytes.
  temporary memory stack ever used:       29640 bytes.
  temporary memory heap used for HobList: 6688 bytes.
  temporary memory heap occupied by memory pages: 0 bytes.
Memory Allocation 0x0000000A 0x7F78000 - 0x7FFFFFF
Memory Allocation 0x0000000A 0x810000 - 0x81FFFF
Memory Allocation 0x0000000A 0x807000 - 0x807FFF
Memory Allocation 0x0000000A 0x800000 - 0x805FFF
Memory Allocation 0x0000000A 0x806000 - 0x806FFF
Memory Allocation 0x00000006 0x7EF4000 - 0x7F77FFF
Memory Allocation 0x0000000A 0x820000 - 0x8FFFFF
Memory Allocation 0x00000004 0x900000 - 0x14FFFFF
Old Stack size 32768, New stack size 131072
Stack Hob: BaseAddress=0x3F36000 Length=0x20000
Heap Offset = 0x3746000 Stack Offset = 0x3736000
TemporaryRamMigration(0x810000, 0x3F4E000, 0x10000)
Loading PEIM 52C05B14-0B98-496C-BC3B-04B50211D680
Loading PEIM at 0x00007EE8000 EntryPoint=0x00007EEFE20 PeiCore.efi
Reinstall PPI: 8C8CE578-8A3D-4F1C-9935-896185C32DD3
Reinstall PPI: 5473C07A-3DCB-4DCA-BD6F-1E9689E7349A
Reinstall PPI: B9E0ABFE-5979-4914-977F-6DEE78C278A6
Install PPI: F894643D-C449-42D1-8EA8-85BDD8C65BDE
Loading PEIM 86D70125-BAA3-4296-A62F-602BEBBB9081
Loading PEIM at 0x00007EE3000 EntryPoint=0x00007EE5F60 DxeIpl.efi
Install PPI: 1A36E4E7-FAB6-476A-8E75-695A0576FDD7
Install PPI: 0AE8CE5D-E448-4437-A8D7-EBF5F194F731
Loading PEIM 89E549B0-7CFE-449D-9BA3-10D8B2312D71
Loading PEIM at 0x00007EDF000 EntryPoint=0x00007EE134F S3Resume2Pei.efi
Install PPI: 6D582DBC-DB85-4514-8FCC-5ADF6227B147
Loading PEIM EDADEB9D-DDBA-48BD-9D22-C1C169C8C5C6
Loading PEIM at 0x00007ED3000 EntryPoint=0x00007EDAF69 CpuMpPei.efi
Register PPI Notify: F894643D-C449-42D1-8EA8-85BDD8C65BDE
Notify: PPI Guid: F894643D-C449-42D1-8EA8-85BDD8C65BDE, Peim notify entry point: 7ED9630
AP Loop Mode is 1
GetMicrocodePatchInfoFromHob: Microcode patch cache HOB is not found.
CPU[0000]: Microcode revision = 00000000, expected = 00000000
Register PPI Notify: 8F9D4825-797D-48FC-8471-845025792EF6
Does not find any stored CPU BIST information from PPI!
  APICID - 0x00000000, BIST - 0x00000000
Install PPI: 9E9F374B-8F16-4230-9824-5846EE766A97
Install PPI: 5CB9CB3D-31A4-480C-9498-29D269BACFBA
Install PPI: EE16160A-E8BE-47A6-820A-C6900DB0250A
Notify: PPI Guid: EE16160A-E8BE-47A6-820A-C6900DB0250A, Peim notify entry point: 83625A
PlatformPei: ClearCacheOnMpServicesAvailable
DiscoverPeimsAndOrderWithApriori(): Found 0x0 PEI FFS files in the 1th FV
DXE IPL Entry
Loading PEIM D6A2CB7F-6A18-4E2F-B43B-9920A733700A
Loading PEIM at 0x00007EA4000 EntryPoint=0x00007EAFA68 DxeCore.efi
Loading DXE CORE at 0x00007EA4000 EntryPoint=0x00007EAFA68
AddressBits=36 5LevelPaging=0 1GPage=0
Pml5=1 Pml4=1 Pdp=64 TotalPage=66
Install PPI: 605EA650-C65C-42E1-BA80-91A52AB618C6
Notify: PPI Guid: 605EA650-C65C-42E1-BA80-91A52AB618C6, Peim notify entry point: 82DA38
CoreInitializeMemoryServices:
  BaseAddress - 0x3F59000 Length - 0x3CA7000 MinimalMemorySizeNeeded - 0x320000
InstallProtocolInterface: 5B1B31A1-9562-11D2-8E3F-00A0C969723B 7EC6CA8
ProtectUefiImageCommon - 0x7EC6CA8
  - 0x0000000007EA4000 - 0x0000000000026000
DxeMain: MemoryBaseAddress=0x3F59000 MemoryLength=0x3CA7000
HOBLIST address in DXE = 0x78EA018
Memory Allocation 0x0000000A 0x7F78000 - 0x7FFFFFF
Memory Allocation 0x0000000A 0x810000 - 0x81FFFF
Memory Allocation 0x0000000A 0x807000 - 0x807FFF
Memory Allocation 0x0000000A 0x800000 - 0x805FFF
Memory Allocation 0x0000000A 0x806000 - 0x806FFF
Memory Allocation 0x00000006 0x7EF4000 - 0x7F77FFF
Memory Allocation 0x0000000A 0x820000 - 0x8FFFFF
Memory Allocation 0x00000004 0x900000 - 0x14FFFFF
Memory Allocation 0x00000004 0x7E84000 - 0x7EA3FFF
Memory Allocation 0x00000003 0x7EE8000 - 0x7EF3FFF
Memory Allocation 0x00000003 0x7EE3000 - 0x7EE7FFF
Memory Allocation 0x00000003 0x7EDF000 - 0x7EE2FFF
Memory Allocation 0x00000003 0x7ED3000 - 0x7EDEFFF
Memory Allocation 0x00000004 0x7ECA000 - 0x7ED2FFF
Memory Allocation 0x00000003 0x7EA4000 - 0x7EC9FFF
Memory Allocation 0x00000003 0x7EA4000 - 0x7EC9FFF
Memory Allocation 0x00000004 0x7E84000 - 0x7EA3FFF
Memory Allocation 0x00000004 0x7C00000 - 0x7DFFFFF
Memory Allocation 0x00000007 0x7E00000 - 0x7E83FFF
Memory Allocation 0x00000004 0x3F36000 - 0x3F55FFF
FV Hob            0x900000 - 0x14FFFFF
InstallProtocolInterface: D8117CFE-94A6-11D4-9A3A-0090273FC14D 7EC5E70
InstallProtocolInterface: 8F644FA9-E850-4DB1-9CE2-0B44698E8DA4 78E6CB0
InstallProtocolInterface: 09576E91-6D3F-11D2-8E39-00A0C969723B 78E6D98
InstallProtocolInterface: 220E73B6-6BDB-4413-8405-B974B108619A 78E6630
InstallProtocolInterface: EE4E5898-3914-4259-9D6E-DC7BD79403CF 7EC5B30
Loading driver 9B680FCE-AD6B-4F3A-B60B-F59899003443
InstallProtocolInterface: 5B1B31A1-9562-11D2-8E3F-00A0C969723B 74ED240
Loading driver at 0x00007451000 EntryPoint=0x00007458D98 DevicePathDxe.efi
InstallProtocolInterface: BC62157E-3E33-4FEC-9920-2D3B36D750DF 74ED598
ProtectUefiImageCommon - 0x74ED240
  - 0x0000000007451000 - 0x000000000000B200
InstallProtocolInterface: 0379BE4E-D706-437D-B037-EDB82FB772A4 745BEC0
InstallProtocolInterface: 8B843E20-8132-4852-90CC-551A4E4A7F1C 745BEA0
InstallProtocolInterface: 05C99A21-C70F-4AD2-8A5F-35DF3343F51E 745BE80
Loading driver 80CF7257-87AB-47F9-A3FE-D50B76D89541
InstallProtocolInterface: 5B1B31A1-9562-11D2-8E3F-00A0C969723B 74681C0
Loading driver at 0x0000744B000 EntryPoint=0x0000744E84D PcdDxe.efi
InstallProtocolInterface: BC62157E-3E33-4FEC-9920-2D3B36D750DF 7468B18
ProtectUefiImageCommon - 0x74681C0
  - 0x000000000744B000 - 0x0000000000005A00
InstallProtocolInterface: 11B34006-D85B-4D0A-A290-D5A571310EF7 7450680
InstallProtocolInterface: 13A3F0F6-264A-3EF0-F2E0-DEC512342F34 74505E0
InstallProtocolInterface: 5BE40F57-FA68-4610-BBBF-E9C5FCDAD365 74505B0
InstallProtocolInterface: FD0F4478-0EFD-461D-BA2D-E58C45FD5F5E 7450590
Loading driver 2EC9DA37-EE35-4DE9-86C5-6D9A81DC38A7
InstallProtocolInterface: 5B1B31A1-9562-11D2-8E3F-00A0C969723B 74674C0
Loading driver at 0x00007461000 EntryPoint=0x00007462A20 AmdSevDxe.efi
InstallProtocolInterface: BC62157E-3E33-4FEC-9920-2D3B36D750DF 7467A98
ProtectUefiImageCommon - 0x74674C0
  - 0x0000000007461000 - 0x0000000000002EC0
Error: Image at 00007461000 start failed: Unsupported
Loading driver 733CBAC2-B23F-4B92-BC8E-FB01CE5907B7
InstallProtocolInterface: 5B1B31A1-9562-11D2-8E3F-00A0C969723B 74674C0
Loading driver at 0x00007AE7000 EntryPoint=0x00007AE9CBB FvbServicesRuntimeDxe.efi
InstallProtocolInterface: BC62157E-3E33-4FEC-9920-2D3B36D750DF 7467818
ProtectUefiImageCommon - 0x74674C0
  - 0x0000000007AE7000 - 0x0000000000008000
QEMU Flash: Attempting flash detection at FFC00010
QemuFlashDetected => FD behaves as FLASH
QemuFlashDetected => Yes
Installing QEMU flash FVB
InstallProtocolInterface: 8F644FA9-E850-4DB1-9CE2-0B44698E8DA4 79EE8B0
InstallProtocolInterface: 09576E91-6D3F-11D2-8E39-00A0C969723B 7466F98
Loading driver D93CE3D8-A7EB-4730-8C8E-CC466A9ECC3C
InstallProtocolInterface: 5B1B31A1-9562-11D2-8E3F-00A0C969723B 74669C0
Loading driver at 0x00007AE1000 EntryPoint=0x00007AE37B6 ReportStatusCodeRouterRuntimeDxe.efi
InstallProtocolInterface: BC62157E-3E33-4FEC-9920-2D3B36D750DF 7466298
ProtectUefiImageCommon - 0x74669C0
  - 0x0000000007AE1000 - 0x0000000000006000
InstallProtocolInterface: 86212936-0E76-41C8-A03A-2AF2FC1C39E2 7AE5060
InstallProtocolInterface: D2B2B828-0826-48A7-B3DF-983C006024F0 7AE5040
Loading driver B601F8C4-43B7-4784-95B1-F4226CB40CEE
InstallProtocolInterface: 5B1B31A1-9562-11D2-8E3F-00A0C969723B 7463B40
Loading driver at 0x00007ADB000 EntryPoint=0x00007ADD511 RuntimeDxe.efi
InstallProtocolInterface: BC62157E-3E33-4FEC-9920-2D3B36D750DF 7463098
ProtectUefiImageCommon - 0x7463B40
  - 0x0000000007ADB000 - 0x0000000000006000
InstallProtocolInterface: B7DFB4E1-052F-449F-87BE-9818FC91B733 7ADF040
Loading driver F80697E9-7FD6-4665-8646-88E33EF71DFC
InstallProtocolInterface: 5B1B31A1-9562-11D2-8E3F-00A0C969723B 7463240
Loading driver at 0x00007365000 EntryPoint=0x0000736BF77 SecurityStubDxe.efi
InstallProtocolInterface: BC62157E-3E33-4FEC-9920-2D3B36D750DF 7463518
ProtectUefiImageCommon - 0x7463240
  - 0x0000000007365000 - 0x0000000000072680
InstallProtocolInterface: 94AB2F58-1438-4EF1-9152-18941A3A0E68 73C0488
InstallProtocolInterface: A46423E3-4617-49F1-B9FF-D1BFA9115839 73C0480
InstallProtocolInterface: 15853D7C-3DDF-43E0-A1CB-EBF85B8F872C 73C0460
Loading driver 13AC6DD0-73D0-11D4-B06B-00AA00BD6DE7
InstallProtocolInterface: 5B1B31A1-9562-11D2-8E3F-00A0C969723B 7462240
Loading driver at 0x0000743F000 EntryPoint=0x00007441FD4 EbcDxe.efi
InstallProtocolInterface: BC62157E-3E33-4FEC-9920-2D3B36D750DF 7462598
ProtectUefiImageCommon - 0x7462240
  - 0x000000000743F000 - 0x0000000000005E40
InstallProtocolInterface: 13AC6DD1-73D0-11D4-B06B-00AA00BD6DE7 7462718
InstallProtocolInterface: 96F46153-97A7-4793-ACC1-FA19BF78EA97 7444BA0
InstallProtocolInterface: 2755590C-6F3C-42FA-9EA4-A3BA543CDA25 7461D18
InstallProtocolInterface: AAEACCFD-F27B-4C17-B610-75CA1F2DFB52 7461B98
Loading driver 245CB4DA-8E15-4A1B-87E3-9878FFA07520
InstallProtocolInterface: 5B1B31A1-9562-11D2-8E3F-00A0C969723B 74612C0
Loading driver at 0x0000745D000 EntryPoint=0x0000745E330 Legacy8259.efi
InstallProtocolInterface: BC62157E-3E33-4FEC-9920-2D3B36D750DF 7461518
ProtectUefiImageCommon - 0x74612C0
  - 0x000000000745D000 - 0x0000000000001D80
InstallProtocolInterface: 38321DBA-4FE0-4E17-8AEC-413055EAEDC1 745EC00
Loading driver A19B1FE7-C1BC-49F8-875F-54A5D542443F
InstallProtocolInterface: 5B1B31A1-9562-11D2-8E3F-00A0C969723B 7460B40
Loading driver at 0x00007445000 EntryPoint=0x00007446474 CpuIo2Dxe.efi
InstallProtocolInterface: BC62157E-3E33-4FEC-9920-2D3B36D750DF 7461598
ProtectUefiImageCommon - 0x7460B40
  - 0x0000000007445000 - 0x0000000000002140
InstallProtocolInterface: AD61F191-AE5F-4C0E-B9FA-E869D288C64F 7447000
Loading driver 1A1E4886-9517-440E-9FDE-3BE44CEE2136
InstallProtocolInterface: 5B1B31A1-9562-11D2-8E3F-00A0C969723B 7460240
Loading driver at 0x0000741D000 EntryPoint=0x000074263C5 CpuDxe.efi
InstallProtocolInterface: BC62157E-3E33-4FEC-9920-2D3B36D750DF 7460498
ProtectUefiImageCommon - 0x7460240
  - 0x000000000741D000 - 0x0000000000010400
Paging: added 512 pages to page table pool
CurrentPagingContext:
  MachineType   - 0x8664
  PageTableBase - 0x7C01000
  Attributes    - 0xC0000002
InstallProtocolInterface: 26BACCB1-6F42-11D4-BCE7-0080C73C8881 742CF20
MemoryProtectionCpuArchProtocolNotify:
ProtectUefiImageCommon - 0x7EC6CA8
  - 0x0000000007EA4000 - 0x0000000000026000
ProtectUefiImageCommon - 0x74ED240
  - 0x0000000007451000 - 0x000000000000B200
ProtectUefiImageCommon - 0x74681C0
  - 0x000000000744B000 - 0x0000000000005A00
ProtectUefiImageCommon - 0x74674C0
  - 0x0000000007AE7000 - 0x0000000000008000
SetUefiImageMemoryAttributes - 0x0000000007AE7000 - 0x0000000000001000 (0x0000000000004000)
SetUefiImageMemoryAttributes - 0x0000000007AE8000 - 0x0000000000005000 (0x0000000000020000)
SetUefiImageMemoryAttributes - 0x0000000007AED000 - 0x0000000000002000 (0x0000000000004000)
ProtectUefiImageCommon - 0x74669C0
  - 0x0000000007AE1000 - 0x0000000000006000
SetUefiImageMemoryAttributes - 0x0000000007AE1000 - 0x0000000000001000 (0x0000000000004000)
SetUefiImageMemoryAttributes - 0x0000000007AE2000 - 0x0000000000003000 (0x0000000000020000)
SetUefiImageMemoryAttributes - 0x0000000007AE5000 - 0x0000000000002000 (0x0000000000004000)
ProtectUefiImageCommon - 0x7463B40
  - 0x0000000007ADB000 - 0x0000000000006000
SetUefiImageMemoryAttributes - 0x0000000007ADB000 - 0x0000000000001000 (0x0000000000004000)
SetUefiImageMemoryAttributes - 0x0000000007ADC000 - 0x0000000000003000 (0x0000000000020000)
SetUefiImageMemoryAttributes - 0x0000000007ADF000 - 0x0000000000002000 (0x0000000000004000)
ProtectUefiImageCommon - 0x7463240
  - 0x0000000007365000 - 0x0000000000072680
ProtectUefiImageCommon - 0x7462240
  - 0x000000000743F000 - 0x0000000000005E40
ProtectUefiImageCommon - 0x74612C0
  - 0x000000000745D000 - 0x0000000000001D80
ProtectUefiImageCommon - 0x7460B40
  - 0x0000000007445000 - 0x0000000000002140
ProtectUefiImageCommon - 0x7460240
  - 0x000000000741D000 - 0x0000000000010400
ConvertPages: failed to find range A0000 - FFFFF
ConvertPages: failed to find range 80000000 - FBFFFFFF
ConvertPages: failed to find range FEC00000 - FEC00FFF
Failed to update capability: [8] 00000000FED00000 - 00000000FED003FF (C700000000000001 -> C700000000026001)
ConvertPages: failed to find range FEE00000 - FEEFFFFF
ConvertPages: failed to find range FFC00000 - FFFFFFFF
AP Loop Mode is 1
GetMicrocodePatchInfoFromHob: MicrocodeBase = 0x0, MicrocodeSize = 0x0
CPU[0000]: Microcode revision = 00000000, expected = 00000000
Detect CPU count: 1
InstallProtocolInterface: 3FDDA605-A76E-4F46-AD29-12F4531B3D08 742D140
Loading driver F6697AC4-A776-4EE1-B643-1FEFF2B615BB
InstallProtocolInterface: 5B1B31A1-9562-11D2-8E3F-00A0C969723B 741A040
Loading driver at 0x00007418000 EntryPoint=0x00007419176 IncompatiblePciDeviceSupportDxe.efi
InstallProtocolInterface: BC62157E-3E33-4FEC-9920-2D3B36D750DF 7438298
ProtectUefiImageCommon - 0x741A040
  - 0x0000000007418000 - 0x0000000000001F80
InstallProtocolInterface: EB23F55A-7863-4AC2-8D3D-956535DE0375 7419E98
Loading driver 11A6EDF6-A9BE-426D-A6CC-B22FE51D9224
InstallProtocolInterface: 5B1B31A1-9562-11D2-8E3F-00A0C969723B 741A3C0
Loading driver at 0x0000740E000 EntryPoint=0x0000741135D PciHotPlugInitDxe.efi
InstallProtocolInterface: BC62157E-3E33-4FEC-9920-2D3B36D750DF 741AB98
ProtectUefiImageCommon - 0x741A3C0
  - 0x000000000740E000 - 0x0000000000004C40
InstallProtocolInterface: AA0E8BC1-DABC-46B0-A844-37B8169B2BEA 7412B30
Loading driver 4B28E4C7-FF36-4E10-93CF-A82159E777C5
InstallProtocolInterface: 5B1B31A1-9562-11D2-8E3F-00A0C969723B 741C040
Loading driver at 0x00007AD5000 EntryPoint=0x00007AD77C0 ResetSystemRuntimeDxe.efi
InstallProtocolInterface: BC62157E-3E33-4FEC-9920-2D3B36D750DF 741CE18
ProtectUefiImageCommon - 0x741C040
  - 0x0000000007AD5000 - 0x0000000000006000
SetUefiImageMemoryAttributes - 0x0000000007AD5000 - 0x0000000000001000 (0x0000000000004008)
SetUefiImageMemoryAttributes - 0x0000000007AD6000 - 0x0000000000003000 (0x0000000000020008)
SetUefiImageMemoryAttributes - 0x0000000007AD9000 - 0x0000000000002000 (0x0000000000004008)
InstallProtocolInterface: 27CFAC88-46CC-11D4-9A38-0090273FC14D 0
InstallProtocolInterface: 9DA34AE0-EAF9-4BBF-8EC3-FD60226C44BE 7AD9108
InstallProtocolInterface: 695D7835-8D47-4C11-AB22-FA8ACCE7AE7A 7AD90C8
InstallProtocolInterface: 2DF6BA0B-7092-440D-BD04-FB091EC3F3C1 7AD9088
Loading driver C8339973-A563-4561-B858-D8476F9DEFC4
InstallProtocolInterface: 5B1B31A1-9562-11D2-8E3F-00A0C969723B 741B040
Loading driver at 0x00007414000 EntryPoint=0x0000741504D Metronome.efi
InstallProtocolInterface: BC62157E-3E33-4FEC-9920-2D3B36D750DF 741C598
ProtectUefiImageCommon - 0x741B040
  - 0x0000000007414000 - 0x0000000000001E80
InstallProtocolInterface: 26BACCB2-6F42-11D4-BCE7-0080C73C8881 7415D10
Loading driver 79E4A61C-ED73-4312-94FE-E3E7563362A9
InstallProtocolInterface: 5B1B31A1-9562-11D2-8E3F-00A0C969723B 741B9C0
Loading driver at 0x00007408000 EntryPoint=0x000074098DE PrintDxe.efi
InstallProtocolInterface: BC62157E-3E33-4FEC-9920-2D3B36D750DF 741B918
ProtectUefiImageCommon - 0x741B9C0
  - 0x0000000007408000 - 0x0000000000002880
InstallProtocolInterface: F05976EF-83F1-4F3D-8619-F7595D41E538 740A6E0
InstallProtocolInterface: 0CC252D2-C106-4661-B5BD-3147A4F81F92 740A680
Loading driver 348C4D62-BFBD-4882-9ECE-C80BB1C4783B
InstallProtocolInterface: 5B1B31A1-9562-11D2-8E3F-00A0C969723B 7417040
Loading driver at 0x00006F48000 EntryPoint=0x00006F4B847 HiiDatabase.efi
InstallProtocolInterface: BC62157E-3E33-4FEC-9920-2D3B36D750DF 7417F18
ProtectUefiImageCommon - 0x7417040
  - 0x0000000006F48000 - 0x000000000001CF80
InstallProtocolInterface: E9CA4775-8657-47FC-97E7-7ED65A084324 6F64BA8
InstallProtocolInterface: 0FD96974-23AA-4CDC-B9CB-98D17750322A 6F64C20
InstallProtocolInterface: EF9FC172-A1B2-4693-B327-6D32FC416042 6F64C48
InstallProtocolInterface: 587E72D7-CC50-4F79-8209-CA291FC1A10F 6F64CA0
InstallProtocolInterface: 0A8BADD5-03B8-4D19-B128-7B8F0EDAA596 6F64CD0
InstallProtocolInterface: 31A6406A-6BDF-4E46-B2A2-EBAA89C40920 6F64BC8
InstallProtocolInterface: 1A1241E6-8F19-41A9-BC0E-E8EF39E06546 6F64BF0
Loading driver 96B5C032-DF4C-4B6E-8232-438DCF448D0E
InstallProtocolInterface: 5B1B31A1-9562-11D2-8E3F-00A0C969723B 7416040
Loading driver at 0x00007405000 EntryPoint=0x0000740619D NullMemoryTestDxe.efi
InstallProtocolInterface: BC62157E-3E33-4FEC-9920-2D3B36D750DF 7416D18
ProtectUefiImageCommon - 0x7416040
  - 0x0000000007405000 - 0x0000000000002100
InstallProtocolInterface: 309DE7F1-7F5E-4ACE-B49C-531BE5AA95EF 7406F60
Loading driver 9622E42C-8E38-4A08-9E8F-54F784652F6B
InstallProtocolInterface: 5B1B31A1-9562-11D2-8E3F-00A0C969723B 7416440
Loading driver at 0x000073F7000 EntryPoint=0x000073FACBD AcpiTableDxe.efi
InstallProtocolInterface: BC62157E-3E33-4FEC-9920-2D3B36D750DF 7416C18
ProtectUefiImageCommon - 0x7416440
  - 0x00000000073F7000 - 0x0000000000006CC0
InstallProtocolInterface: FFE06BDD-6107-46A6-7BB2-5A9C7EC5275C 74130A0
InstallProtocolInterface: EB97088E-CFDF-49C6-BE4B-D906A5B20E86 74130B0
Loading driver A210F973-229D-4F4D-AA37-9895E6C9EABA
InstallProtocolInterface: 5B1B31A1-9562-11D2-8E3F-00A0C969723B 7413CC0
Loading driver at 0x00007403000 EntryPoint=0x0000740427D DpcDxe.efi
InstallProtocolInterface: BC62157E-3E33-4FEC-9920-2D3B36D750DF 7413B98
ProtectUefiImageCommon - 0x7413CC0
  - 0x0000000007403000 - 0x0000000000002000
InstallProtocolInterface: 480F8AE9-0C46-4AA9-BC89-DB9FBA619806 7404CD0
Loading driver 8657015B-EA43-440D-949A-AF3BE365C0FC
InstallProtocolInterface: 5B1B31A1-9562-11D2-8E3F-00A0C969723B 74133C0
Loading driver at 0x000073F3000 EntryPoint=0x000073F5545 IoMmuDxe.efi
InstallProtocolInterface: BC62157E-3E33-4FEC-9920-2D3B36D750DF 7413698
ProtectUefiImageCommon - 0x74133C0
  - 0x00000000073F3000 - 0x0000000000003B40
InstallProtocolInterface: F8775D50-8ABD-4ADF-92AC-853E51F6C8DC 0
Loading driver 22DC2B60-FE40-42AC-B01F-3AB1FAD9AAD8
InstallProtocolInterface: 5B1B31A1-9562-11D2-8E3F-00A0C969723B 740D0C0
Loading driver at 0x00007ACF000 EntryPoint=0x00007AD142B EmuVariableFvbRuntimeDxe.efi
InstallProtocolInterface: BC62157E-3E33-4FEC-9920-2D3B36D750DF 740DD98
ProtectUefiImageCommon - 0x740D0C0
  - 0x0000000007ACF000 - 0x0000000000006000
SetUefiImageMemoryAttributes - 0x0000000007ACF000 - 0x0000000000001000 (0x0000000000004008)
SetUefiImageMemoryAttributes - 0x0000000007AD0000 - 0x0000000000003000 (0x0000000000020008)
SetUefiImageMemoryAttributes - 0x0000000007AD3000 - 0x0000000000002000 (0x0000000000004008)
EMU Variable FVB Started
Disabling EMU Variable FVB since flash variables appear to be supported.
Error: Image at 00007ACF000 start failed: Aborted
SetUefiImageMemoryAttributes - 0x0000000007ACF000 - 0x0000000000006000 (0x0000000000000008)
Loading driver CBD2E4D5-7068-4FF5-B462-9822B4AD8D60
InstallProtocolInterface: 5B1B31A1-9562-11D2-8E3F-00A0C969723B 740D0C0
Loading driver at 0x00007A58000 EntryPoint=0x00007A5FF95 VariableRuntimeDxe.efi
InstallProtocolInterface: BC62157E-3E33-4FEC-9920-2D3B36D750DF 740DE18
ProtectUefiImageCommon - 0x740D0C0
  - 0x0000000007A58000 - 0x000000000007D000
SetUefiImageMemoryAttributes - 0x0000000007A58000 - 0x0000000000001000 (0x0000000000004008)
SetUefiImageMemoryAttributes - 0x0000000007A59000 - 0x0000000000061000 (0x0000000000020008)
SetUefiImageMemoryAttributes - 0x0000000007ABA000 - 0x000000000001B000 (0x0000000000004008)
VarCheckLibRegisterSetVariableCheckHandler - 0x7A5FB6C Success
Variable driver common space: 0x3FF9C 0x3FF9C 0x3FF9C
Variable driver will work with auth variable format!
InstallProtocolInterface: CD3D0A05-9E24-437C-A891-1EE053DB7638 7ABACB0
InstallProtocolInterface: AF23B340-97B4-4685-8D4F-A3F28169B21D 7ABAC80
InstallProtocolInterface: 1E5668E2-8481-11D4-BCF1-0080C73C8881 0
VarCheckLibRegisterSetVariableCheckHandler - 0x7A5A049 Success
InstallProtocolInterface: 81D1675C-86F6-48DF-BD95-9A6E4F0925C3 7ABAC00
Loading driver 6C2004EF-4E0E-4BE4-B14C-340EB4AA5891
InstallProtocolInterface: 5B1B31A1-9562-11D2-8E3F-00A0C969723B 740C0C0
Loading driver at 0x00007A53000 EntryPoint=0x00007A54FFC StatusCodeHandlerRuntimeDxe.efi
InstallProtocolInterface: BC62157E-3E33-4FEC-9920-2D3B36D750DF 740C918
ProtectUefiImageCommon - 0x740C0C0
  - 0x0000000007A53000 - 0x0000000000005000
SetUefiImageMemoryAttributes - 0x0000000007A53000 - 0x0000000000001000 (0x0000000000004008)
SetUefiImageMemoryAttributes - 0x0000000007A54000 - 0x0000000000003000 (0x0000000000020008)
SetUefiImageMemoryAttributes - 0x0000000007A57000 - 0x0000000000001000 (0x0000000000004008)
Loading driver C190FE35-44AA-41A1-8AEA-4947BC60E09D
InstallProtocolInterface: 5B1B31A1-9562-11D2-8E3F-00A0C969723B 740B040
Loading driver at 0x000073FF000 EntryPoint=0x000074000D9 Timer.efi
InstallProtocolInterface: BC62157E-3E33-4FEC-9920-2D3B36D750DF 740BF18
ProtectUefiImageCommon - 0x740B040
  - 0x00000000073FF000 - 0x0000000000001D80
InstallProtocolInterface: 26BACCB3-6F42-11D4-BCE7-0080C73C8881 7400C00
Loading driver 128FB770-5E79-4176-9E51-9BB268A17DD1
InstallProtocolInterface: 5B1B31A1-9562-11D2-8E3F-00A0C969723B 740B440
Loading driver at 0x000073DF000 EntryPoint=0x000073E5CFE PciHostBridgeDxe.efi
InstallProtocolInterface: BC62157E-3E33-4FEC-9920-2D3B36D750DF 740BC18
ProtectUefiImageCommon - 0x740B440
  - 0x00000000073DF000 - 0x0000000000009900
Select Item: 0x0
FW CFG Signature: 0x554D4551
Select Item: 0x1
FW CFG Revision: 0x3
QemuFwCfg interface (DMA) is supported.
Select Item: 0x19
PciHostBridgeUtilityInitRootBridge: populated root bus 0, with room for 255 subordinate bus(es)
RootBridge: PciRoot(0x0)
  Support/Attr: 70069 / 70069
    DmaAbove4G: No
NoExtConfSpace: Yes
     AllocAttr: 3 (CombineMemPMem Mem64Decode)
           Bus: 0 - FF Translation=0
            Io: C000 - FFFF Translation=0
           Mem: 80000000 - FBFFFFFF Translation=0
    MemAbove4G: 800000000 - FFFFFFFFF Translation=0
          PMem: FFFFFFFFFFFFFFFF - 0 Translation=0
   PMemAbove4G: FFFFFFFFFFFFFFFF - 0 Translation=0
InstallProtocolInterface: CF8034BE-6768-4D8B-B739-7CCE683A9FBE 7402F40
InstallProtocolInterface: 09576E91-6D3F-11D2-8E39-00A0C969723B 7402B18
InstallProtocolInterface: 2F707EBB-4A1A-11D4-9A38-0090273FC14D 7402270
Loading driver EBF342FE-B1D3-4EF8-957C-8048606FF671
InstallProtocolInterface: 5B1B31A1-9562-11D2-8E3F-00A0C969723B 74025C0
Loading driver at 0x00006E8C000 EntryPoint=0x00006E8E78C SetupBrowser.efi
InstallProtocolInterface: BC62157E-3E33-4FEC-9920-2D3B36D750DF 7401F98
ProtectUefiImageCommon - 0x74025C0
  - 0x0000000006E8C000 - 0x0000000000018800
InstallProtocolInterface: B9D4C360-BCFB-4F9B-9298-53C136982258 6EA4330
InstallProtocolInterface: A770C357-B693-4E6D-A6CF-D21C728E550B 6EA4360
InstallProtocolInterface: 1F73B18D-4630-43C1-A1DE-6F80855D7DA4 6EA4340
Loading driver F9D88642-0737-49BC-81B5-6889CD57D9EA
InstallProtocolInterface: 5B1B31A1-9562-11D2-8E3F-00A0C969723B 7401240
Loading driver at 0x000073D9000 EntryPoint=0x000073DC066 SmbiosDxe.efi
InstallProtocolInterface: BC62157E-3E33-4FEC-9920-2D3B36D750DF 7401518
ProtectUefiImageCommon - 0x7401240
  - 0x00000000073D9000 - 0x0000000000005340
Select Item: 0x0
FW CFG Signature: 0x554D4551
Select Item: 0x1
FW CFG Revision: 0x3
QemuFwCfg interface (DMA) is supported.
Select Item: 0x19
Select Item: 0x19
Select Item: 0x26
DetectSmbiosVersion: SMBIOS version from QEMU: 0x0208
InstallProtocolInterface: 03583FF6-CB36-4940-947E-B9B39F4AFAF7 73DE230
Loading driver 49970331-E3FA-4637-9ABC-3B7868676970
InstallProtocolInterface: 5B1B31A1-9562-11D2-8E3F-00A0C969723B 73FE0C0
Loading driver at 0x00006EB6000 EntryPoint=0x00006EBADE2 AcpiPlatform.efi
InstallProtocolInterface: BC62157E-3E33-4FEC-9920-2D3B36D750DF 73FEA98
ProtectUefiImageCommon - 0x73FE0C0
  - 0x0000000006EB6000 - 0x0000000000007980
Select Item: 0x0
FW CFG Signature: 0x554D4551
Select Item: 0x1
FW CFG Revision: 0x3
QemuFwCfg interface (DMA) is supported.
AcpiPlatformEntryPoint: waiting for root bridges to be connected, registered callback
Loading driver BDCE85BB-FBAA-4F4E-9264-501A2C249581
InstallProtocolInterface: 5B1B31A1-9562-11D2-8E3F-00A0C969723B 73FE4C0
Loading driver at 0x00006EAF000 EntryPoint=0x00006EB318B S3SaveStateDxe.efi
InstallProtocolInterface: BC62157E-3E33-4FEC-9920-2D3B36D750DF 73FE818
ProtectUefiImageCommon - 0x73FE4C0
  - 0x0000000006EAF000 - 0x0000000000006800
Select Item: 0x0
FW CFG Signature: 0x554D4551
Select Item: 0x1
FW CFG Revision: 0x3
QemuFwCfg interface (DMA) is supported.
Select Item: 0x19
Select Item: 0x28
InstallProtocolInterface: BD445D79-B7AD-4F04-9AD8-29BD2040EB3C 0
InstallProtocolInterface: E857CAF6-C046-45DC-BE3F-EE0765FBA887 6EB5560
Loading driver A487A478-51EF-48AA-8794-7BEE2A0562F1
InstallProtocolInterface: 5B1B31A1-9562-11D2-8E3F-00A0C969723B 73EB1C0
Loading driver at 0x00006E76000 EntryPoint=0x00006E7C611 tftpDynamicCommand.efi
InstallProtocolInterface: BC62157E-3E33-4FEC-9920-2D3B36D750DF 73EB998
InstallProtocolInterface: 6A1EE763-D47A-43B4-AABE-EF1DE2AB56FC 6E7E970
ProtectUefiImageCommon - 0x73EB1C0
  - 0x0000000006E76000 - 0x000000000000A4C0
InstallProtocolInterface: 3C7200E9-005F-4EA4-87DE-A3DFAC8A27C3 6E7E580
Loading driver 19618BCE-55AE-09C6-37E9-4CE04084C7A1
InstallProtocolInterface: 5B1B31A1-9562-11D2-8E3F-00A0C969723B 73F20C0
Loading driver at 0x00006E5C000 EntryPoint=0x00006E63D86 httpDynamicCommand.efi
InstallProtocolInterface: BC62157E-3E33-4FEC-9920-2D3B36D750DF 73EB518
InstallProtocolInterface: 6A1EE763-D47A-43B4-AABE-EF1DE2AB56FC 6E666F0
ProtectUefiImageCommon - 0x73F20C0
  - 0x0000000006E5C000 - 0x000000000000C980
InstallProtocolInterface: 3C7200E9-005F-4EA4-87DE-A3DFAC8A27C3 6E66280
Loading driver 2F30DA26-F51B-4B6F-85C4-31873C281BCA
InstallProtocolInterface: 5B1B31A1-9562-11D2-8E3F-00A0C969723B 73EC040
Loading driver at 0x00006E84000 EntryPoint=0x00006E88F7A LinuxInitrdDynamicShellCommand.efi
InstallProtocolInterface: BC62157E-3E33-4FEC-9920-2D3B36D750DF 73ECF18
InstallProtocolInterface: 6A1EE763-D47A-43B4-AABE-EF1DE2AB56FC 6E8AF30
ProtectUefiImageCommon - 0x73EC040
  - 0x0000000006E84000 - 0x0000000000007A40
InstallProtocolInterface: 3C7200E9-005F-4EA4-87DE-A3DFAC8A27C3 6E8AC10
Loading driver F74D20EE-37E7-48FC-97F7-9B1047749C69
InstallProtocolInterface: 5B1B31A1-9562-11D2-8E3F-00A0C969723B 73EAAC0
Loading driver at 0x00006EA5000 EntryPoint=0x00006EA5F58 LogoDxe.efi
InstallProtocolInterface: BC62157E-3E33-4FEC-9920-2D3B36D750DF 73EAD98
InstallProtocolInterface: 6A1EE763-D47A-43B4-AABE-EF1DE2AB56FC 6EA6AF0
ProtectUefiImageCommon - 0x73EAAC0
  - 0x0000000006EA5000 - 0x0000000000004A40
InstallProtocolInterface: 53CD299F-2BC1-40C0-8C07-23F64FDB30E0 6EA6940
Loading driver DCE1B094-7DC6-45D0-9FDD-D7FC3CC3E4EF
InstallProtocolInterface: 5B1B31A1-9562-11D2-8E3F-00A0C969723B 73E97C0
Loading driver at 0x00006E6C000 EntryPoint=0x00006E6E68B QemuRamfbDxe.efi
InstallProtocolInterface: BC62157E-3E33-4FEC-9920-2D3B36D750DF 73E9118
ProtectUefiImageCommon - 0x73E97C0
  - 0x0000000006E6C000 - 0x0000000000004600
Select Item: 0x0
FW CFG Signature: 0x554D4551
Select Item: 0x1
FW CFG Revision: 0x3
QemuFwCfg interface (DMA) is supported.
Select Item: 0x19
Error: Image at 00006E6C000 start failed: Not Found
Loading driver FE5CEA76-4F72-49E8-986F-2CD899DFFE5D
InstallProtocolInterface: 5B1B31A1-9562-11D2-8E3F-00A0C969723B 73E97C0
Loading driver at 0x00006E6A000 EntryPoint=0x00006E6DB93 FaultTolerantWriteDxe.efi
InstallProtocolInterface: BC62157E-3E33-4FEC-9920-2D3B36D750DF 73E9718
ProtectUefiImageCommon - 0x73E97C0
  - 0x0000000006E6A000 - 0x0000000000005540
Ftw: FtwWorkSpaceLba - 0x41, WorkBlockSize  - 0x1000, FtwWorkSpaceBase - 0x0
Ftw: FtwSpareLba     - 0x42, SpareBlockSize - 0x1000
Ftw: NumberOfWorkBlock - 0x1, FtwWorkBlockLba - 0x41
Ftw: WorkSpaceLbaInSpare - 0x0, WorkSpaceBaseInSpare - 0x0
Ftw: Remaining work space size - FE0
InstallProtocolInterface: 3EBD9E82-2C78-4DE6-9786-8D4BFCB7C881 6EAA028
Variable PK does not exist.
Variable SetupMode is 1
Variable SecureBoot is 0
Variable SecureBootEnable is 0
Variable CustomMode is 0
Variable VendorKeys is 0
Variable driver will work with auth variable support!
InstallProtocolInterface: 6441F818-6362-4E44-B570-7DBA31DD2453 0
Loading driver 378D7B65-8DA9-4773-B6E4-A47826A833E1
InstallProtocolInterface: 5B1B31A1-9562-11D2-8E3F-00A0C969723B 73D8B40
Loading driver at 0x00007A4D000 EntryPoint=0x00007A500E2 PcRtc.efi
InstallProtocolInterface: BC62157E-3E33-4FEC-9920-2D3B36D750DF 73D8E18
ProtectUefiImageCommon - 0x73D8B40
  - 0x0000000007A4D000 - 0x0000000000006000
SetUefiImageMemoryAttributes - 0x0000000007A4D000 - 0x0000000000001000 (0x0000000000004008)
SetUefiImageMemoryAttributes - 0x0000000007A4E000 - 0x0000000000004000 (0x0000000000020008)
SetUefiImageMemoryAttributes - 0x0000000007A52000 - 0x0000000000001000 (0x0000000000004008)
InstallProtocolInterface: 27CFAC87-46CC-11D4-9A38-0090273FC14D 0
Loading driver F0E6A44F-7195-41C3-AC64-54F202CD0A21
InstallProtocolInterface: 5B1B31A1-9562-11D2-8E3F-00A0C969723B 73D8340
Loading driver at 0x00006B3E000 EntryPoint=0x00006B45CDA SecureBootConfigDxe.efi
InstallProtocolInterface: BC62157E-3E33-4FEC-9920-2D3B36D750DF 6E83018
ProtectUefiImageCommon - 0x73D8340
  - 0x0000000006B3E000 - 0x0000000000060F40
InstallProtocolInterface: 09576E91-6D3F-11D2-8E39-00A0C969723B 6E83D18
InstallProtocolInterface: 330D4706-F2A0-4E4F-A369-B66FA8D54385 6B8ABB8
InstallProtocolInterface: 09576E91-6D3F-11D2-8E39-00A0C969723B 6B8AA60
InstallProtocolInterface: 330D4706-F2A0-4E4F-A369-B66FA8D54385 6E75F20
InstallProtocolInterface: F0E6A44F-7195-41C3-AC64-54F202CD0A21 6E75F18
Loading driver F099D67F-71AE-4C36-B2A3-DCEB0EB2B7D8
InstallProtocolInterface: 5B1B31A1-9562-11D2-8E3F-00A0C969723B 6E70040
Loading driver at 0x00006E5A000 EntryPoint=0x00006E5B027 WatchdogTimer.efi
InstallProtocolInterface: BC62157E-3E33-4FEC-9920-2D3B36D750DF 6E83C98
ProtectUefiImageCommon - 0x6E70040
  - 0x0000000006E5A000 - 0x0000000000001E40
InstallProtocolInterface: 665E3FF5-46CC-11D4-9A38-0090273FC14D 6E5BCB0
Loading driver AD608272-D07F-4964-801E-7BD3B7888652
InstallProtocolInterface: 5B1B31A1-9562-11D2-8E3F-00A0C969723B 6E709C0
Loading driver at 0x00007A49000 EntryPoint=0x00007A4ADF8 MonotonicCounterRuntimeDxe.efi
InstallProtocolInterface: BC62157E-3E33-4FEC-9920-2D3B36D750DF 6E70818
ProtectUefiImageCommon - 0x6E709C0
  - 0x0000000007A49000 - 0x0000000000004000
SetUefiImageMemoryAttributes - 0x0000000007A49000 - 0x0000000000001000 (0x0000000000004008)
SetUefiImageMemoryAttributes - 0x0000000007A4A000 - 0x0000000000002000 (0x0000000000020008)
SetUefiImageMemoryAttributes - 0x0000000007A4C000 - 0x0000000000001000 (0x0000000000004008)
InstallProtocolInterface: 1DA97072-BDDC-4B30-99F1-72A0B56FFF2A 0
Loading driver 42857F0A-13F2-4B21-8A23-53D3F714B840
InstallProtocolInterface: 5B1B31A1-9562-11D2-8E3F-00A0C969723B 6E74C40
Loading driver at 0x00007A45000 EntryPoint=0x00007A47051 CapsuleRuntimeDxe.efi
InstallProtocolInterface: BC62157E-3E33-4FEC-9920-2D3B36D750DF 6E74B18
ProtectUefiImageCommon - 0x6E74C40
  - 0x0000000007A45000 - 0x0000000000004000
SetUefiImageMemoryAttributes - 0x0000000007A45000 - 0x0000000000001000 (0x0000000000004008)
SetUefiImageMemoryAttributes - 0x0000000007A46000 - 0x0000000000002000 (0x0000000000020008)
SetUefiImageMemoryAttributes - 0x0000000007A48000 - 0x0000000000001000 (0x0000000000004008)
InstallProtocolInterface: 5053697E-2CBC-4819-90D9-0580DEEE5754 0
Loading driver EBF8ED7C-0DD1-4787-84F1-F48D537DCACF
InstallProtocolInterface: 5B1B31A1-9562-11D2-8E3F-00A0C969723B 6E743C0
Loading driver at 0x00006E4E000 EntryPoint=0x00006E51AE3 DriverHealthManagerDxe.efi
InstallProtocolInterface: BC62157E-3E33-4FEC-9920-2D3B36D750DF 6E73F18
ProtectUefiImageCommon - 0x6E743C0
  - 0x0000000006E4E000 - 0x0000000000005D00
InstallProtocolInterface: 09576E91-6D3F-11D2-8E39-00A0C969723B 6E53AA0
InstallProtocolInterface: 330D4706-F2A0-4E4F-A369-B66FA8D54385 6E53A70
Loading driver 6D33944A-EC75-4855-A54D-809C75241F6C
InstallProtocolInterface: 5B1B31A1-9562-11D2-8E3F-00A0C969723B 6E693C0
Loading driver at 0x00006E18000 EntryPoint=0x00006E1F80B BdsDxe.efi
InstallProtocolInterface: BC62157E-3E33-4FEC-9920-2D3B36D750DF 6E69918
ProtectUefiImageCommon - 0x6E693C0
  - 0x0000000006E18000 - 0x000000000001A780
Select Item: 0x0
FW CFG Signature: 0x554D4551
Select Item: 0x1
FW CFG Revision: 0x3
QemuFwCfg interface (DMA) is supported.
InstallProtocolInterface: 665E3FF6-46CC-11D4-9A38-0090273FC14D 6E31F10
Loading driver 28A03FF4-12B3-4305-A417-BB1A4F94081E
InstallProtocolInterface: 5B1B31A1-9562-11D2-8E3F-00A0C969723B 6E73140
Loading driver at 0x00006E38000 EntryPoint=0x00006E3EA43 RamDiskDxe.efi
InstallProtocolInterface: BC62157E-3E33-4FEC-9920-2D3B36D750DF 6E73498
ProtectUefiImageCommon - 0x6E73140
  - 0x0000000006E38000 - 0x000000000000A780
InstallProtocolInterface: 09576E91-6D3F-11D2-8E39-00A0C969723B 6E59C98
InstallProtocolInterface: 330D4706-F2A0-4E4F-A369-B66FA8D54385 6E424F8
InstallProtocolInterface: 09576E91-6D3F-11D2-8E39-00A0C969723B 6E423E0
InstallProtocolInterface: 330D4706-F2A0-4E4F-A369-B66FA8D54385 6E58230
InstallProtocolInterface: AB38A0DF-6873-44A9-87E6-D4EB56148449 6E42430
InstallProtocolInterface: 28A03FF4-12B3-4305-A417-BB1A4F94081E 6E58218
Loading driver E660EA85-058E-4B55-A54B-F02F83A24707
InstallProtocolInterface: 5B1B31A1-9562-11D2-8E3F-00A0C969723B 6E59840
Loading driver at 0x00006BEC000 EntryPoint=0x00006BF235A DisplayEngine.efi
InstallProtocolInterface: BC62157E-3E33-4FEC-9920-2D3B36D750DF 6E59798
ProtectUefiImageCommon - 0x6E59840
  - 0x0000000006BEC000 - 0x0000000000013400
InstallProtocolInterface: 9BBE29E9-FDA1-41EC-AD52-452213742D2E 6BFD890
InstallProtocolInterface: 4311EDC0-6054-46D4-9E40-893EA952FCCC 6BFD8A8
Loading driver 4110465D-5FF3-4F4B-B580-24ED0D06747A
InstallProtocolInterface: 5B1B31A1-9562-11D2-8E3F-00A0C969723B 6E4C040
Loading driver at 0x00006E34000 EntryPoint=0x00006E357E5 SmbiosPlatformDxe.efi
InstallProtocolInterface: BC62157E-3E33-4FEC-9920-2D3B36D750DF 6E4D418
ProtectUefiImageCommon - 0x6E4C040
  - 0x0000000006E34000 - 0x0000000000003140
Select Item: 0x0
FW CFG Signature: 0x554D4551
Select Item: 0x1
FW CFG Revision: 0x3
QemuFwCfg interface (DMA) is supported.
Select Item: 0x19
Select Item: 0x27
SmbiosAdd: Smbios type 1 with size 0x53 is added to 32-bit table
SmbiosCreateTable: Initialize 32-bit entry point structure
SmbiosCreateTable() re-allocate SMBIOS 32-bit table
SmbiosAdd: Smbios type 3 with size 0x2C is added to 32-bit table
SmbiosAdd: Smbios type 4 with size 0x46 is added to 32-bit table
SmbiosAdd: Smbios type 16 with size 0x19 is added to 32-bit table
SmbiosAdd: Smbios type 17 with size 0x35 is added to 32-bit table
SmbiosAdd: Smbios type 19 with size 0x21 is added to 32-bit table
SmbiosAdd: Smbios type 32 with size 0xD is added to 32-bit table
SmbiosAdd: Smbios type 0 with size 0x4A is added to 32-bit table
Loading driver FA20568B-548B-4B2B-81EF-1BA08D4A3CEC
InstallProtocolInterface: 5B1B31A1-9562-11D2-8E3F-00A0C969723B 6E49BC0
Loading driver at 0x00006BDC000 EntryPoint=0x00006BE5325 BootScriptExecutorDxe.efi
InstallProtocolInterface: BC62157E-3E33-4FEC-9920-2D3B36D750DF 6E4C298
ProtectUefiImageCommon - 0x6E49BC0
  - 0x0000000006BDC000 - 0x000000000000F200
Select Item: 0x0
FW CFG Signature: 0x554D4551
Select Item: 0x1
FW CFG Revision: 0x3
QemuFwCfg interface (DMA) is supported.
Select Item: 0x19
Select Item: 0x28
Loading driver D9DCC5DF-4007-435E-9098-8970935504B2
InstallProtocolInterface: 5B1B31A1-9562-11D2-8E3F-00A0C969723B 6E49140
Loading driver at 0x00006E13000 EntryPoint=0x00006E156F8 PlatformDxe.efi
InstallProtocolInterface: BC62157E-3E33-4FEC-9920-2D3B36D750DF 6E49718
ProtectUefiImageCommon - 0x6E49140
  - 0x0000000006E13000 - 0x0000000000004580
InstallProtocolInterface: 09576E91-6D3F-11D2-8E39-00A0C969723B 6E17400
InstallProtocolInterface: 330D4706-F2A0-4E4F-A369-B66FA8D54385 6E174C0
Loading driver 93B80004-9FB3-11D4-9A3A-0090273FC14D
InstallProtocolInterface: 5B1B31A1-9562-11D2-8E3F-00A0C969723B 6E481C0
Loading driver at 0x00006BCD000 EntryPoint=0x00006BCF9C8 PciBusDxe.efi
InstallProtocolInterface: BC62157E-3E33-4FEC-9920-2D3B36D750DF 6E47D18
ProtectUefiImageCommon - 0x6E481C0
  - 0x0000000006BCD000 - 0x000000000000F000
InstallProtocolInterface: 18A031AB-B443-4D1A-A5C0-0C09261E9F71 6BDBC80
InstallProtocolInterface: 107A772C-D5E1-11D4-9A46-0090273FC14D 6BDBC50
InstallProtocolInterface: 6A7A5CFF-E8D9-4F70-BADA-75AB3025CE14 6BDBC30
InstallProtocolInterface: 19CB87AB-2CB9-4665-8360-DDCF6054F79D 6BDBC10
Loading driver 83DD3B39-7CAF-4FAC-A542-E050B767E3A7
InstallProtocolInterface: 5B1B31A1-9562-11D2-8E3F-00A0C969723B 6E471C0
Loading driver at 0x00006E10000 EntryPoint=0x00006E11C7F VirtioPciDeviceDxe.efi
InstallProtocolInterface: BC62157E-3E33-4FEC-9920-2D3B36D750DF 6E47418
ProtectUefiImageCommon - 0x6E471C0
  - 0x0000000006E10000 - 0x0000000000002F00
InstallProtocolInterface: 18A031AB-B443-4D1A-A5C0-0C09261E9F71 6E12DA0
InstallProtocolInterface: 107A772C-D5E1-11D4-9A46-0090273FC14D 6E12D80
InstallProtocolInterface: 6A7A5CFF-E8D9-4F70-BADA-75AB3025CE14 6E12D60
Loading driver 0170F60C-1D40-4651-956D-F0BD9879D527
InstallProtocolInterface: 5B1B31A1-9562-11D2-8E3F-00A0C969723B 6E46B40
Loading driver at 0x00006E06000 EntryPoint=0x00006E09360 Virtio10.efi
InstallProtocolInterface: BC62157E-3E33-4FEC-9920-2D3B36D750DF 6E47498
ProtectUefiImageCommon - 0x6E46B40
  - 0x0000000006E06000 - 0x0000000000004A80
InstallProtocolInterface: 18A031AB-B443-4D1A-A5C0-0C09261E9F71 6E0A920
InstallProtocolInterface: 107A772C-D5E1-11D4-9A46-0090273FC14D 6E0A900
InstallProtocolInterface: 6A7A5CFF-E8D9-4F70-BADA-75AB3025CE14 6E0A8E0
Loading driver 11D92DFB-3CA9-4F93-BA2E-4780ED3E03B5
InstallProtocolInterface: 5B1B31A1-9562-11D2-8E3F-00A0C969723B 6E46140
Loading driver at 0x00006E02000 EntryPoint=0x00006E0424A VirtioBlkDxe.efi
InstallProtocolInterface: BC62157E-3E33-4FEC-9920-2D3B36D750DF 6E46698
ProtectUefiImageCommon - 0x6E46140
  - 0x0000000006E02000 - 0x0000000000003480
InstallProtocolInterface: 18A031AB-B443-4D1A-A5C0-0C09261E9F71 6E05340
InstallProtocolInterface: 107A772C-D5E1-11D4-9A46-0090273FC14D 6E05320
InstallProtocolInterface: 6A7A5CFF-E8D9-4F70-BADA-75AB3025CE14 6E05300
Loading driver FAB5D4F4-83C0-4AAF-8480-442D11DF6CEA
InstallProtocolInterface: 5B1B31A1-9562-11D2-8E3F-00A0C969723B 6E45B40
Loading driver at 0x00006BC9000 EntryPoint=0x00006BCB76C VirtioScsiDxe.efi
InstallProtocolInterface: BC62157E-3E33-4FEC-9920-2D3B36D750DF 6E45E98
ProtectUefiImageCommon - 0x6E45B40
  - 0x0000000006BC9000 - 0x0000000000003940
InstallProtocolInterface: 18A031AB-B443-4D1A-A5C0-0C09261E9F71 6BCC800
InstallProtocolInterface: 107A772C-D5E1-11D4-9A46-0090273FC14D 6BCC7E0
InstallProtocolInterface: 6A7A5CFF-E8D9-4F70-BADA-75AB3025CE14 6BCC7C0
Loading driver 58E26F0D-CBAC-4BBA-B70F-18221415665A
InstallProtocolInterface: 5B1B31A1-9562-11D2-8E3F-00A0C969723B 6E451C0
Loading driver at 0x00006BC6000 EntryPoint=0x00006BC7D20 VirtioRngDxe.efi
InstallProtocolInterface: BC62157E-3E33-4FEC-9920-2D3B36D750DF 6E45498
ProtectUefiImageCommon - 0x6E451C0
  - 0x0000000006BC6000 - 0x0000000000002E80
InstallProtocolInterface: 18A031AB-B443-4D1A-A5C0-0C09261E9F71 6BC8D20
InstallProtocolInterface: 107A772C-D5E1-11D4-9A46-0090273FC14D 6BC8D00
InstallProtocolInterface: 6A7A5CFF-E8D9-4F70-BADA-75AB3025CE14 6BC8CE0
Loading driver CF569F50-DE44-4F54-B4D7-F4AE25CDA599
InstallProtocolInterface: 5B1B31A1-9562-11D2-8E3F-00A0C969723B 6E44CC0
Loading driver at 0x00006BC3000 EntryPoint=0x00006BC44B3 XenIoPciDxe.efi
InstallProtocolInterface: BC62157E-3E33-4FEC-9920-2D3B36D750DF 6E44B18
ProtectUefiImageCommon - 0x6E44CC0
  - 0x0000000006BC3000 - 0x0000000000002480
InstallProtocolInterface: 18A031AB-B443-4D1A-A5C0-0C09261E9F71 6BC5340
InstallProtocolInterface: 107A772C-D5E1-11D4-9A46-0090273FC14D 6BC5320
InstallProtocolInterface: 6A7A5CFF-E8D9-4F70-BADA-75AB3025CE14 6BC5300
Loading driver 565EC8BA-A484-11E3-802B-B8AC6F7D65E6
InstallProtocolInterface: 5B1B31A1-9562-11D2-8E3F-00A0C969723B 6E442C0
Loading driver at 0x00006BB1000 EntryPoint=0x00006BB561F XenBusDxe.efi
InstallProtocolInterface: BC62157E-3E33-4FEC-9920-2D3B36D750DF 6E44918
ProtectUefiImageCommon - 0x6E442C0
  - 0x0000000006BB1000 - 0x0000000000008B00
Error: Image at 00006BB1000 start failed: Aborted
Loading driver 8C2487EA-9AF3-11E3-B966-B8AC6F7D65E6
InstallProtocolInterface: 5B1B31A1-9562-11D2-8E3F-00A0C969723B 6E442C0
Loading driver at 0x00006BBE000 EntryPoint=0x00006BC0EEC XenPvBlkDxe.efi
InstallProtocolInterface: BC62157E-3E33-4FEC-9920-2D3B36D750DF 6E44598
ProtectUefiImageCommon - 0x6E442C0
  - 0x0000000006BBE000 - 0x0000000000004B00
InstallProtocolInterface: 18A031AB-B443-4D1A-A5C0-0C09261E9F71 6BC29A0
InstallProtocolInterface: 107A772C-D5E1-11D4-9A46-0090273FC14D 6BC2970
InstallProtocolInterface: 6A7A5CFF-E8D9-4F70-BADA-75AB3025CE14 6BC2950
Loading driver 30346B14-1580-4781-879D-BA0C55AE9BB2
InstallProtocolInterface: 5B1B31A1-9562-11D2-8E3F-00A0C969723B 6E430C0
Loading driver at 0x00006BBA000 EntryPoint=0x00006BBC1ED PvScsiDxe.efi
InstallProtocolInterface: BC62157E-3E33-4FEC-9920-2D3B36D750DF 6E43A98
ProtectUefiImageCommon - 0x6E430C0
  - 0x0000000006BBA000 - 0x00000000000033C0
InstallProtocolInterface: 18A031AB-B443-4D1A-A5C0-0C09261E9F71 6BBD280
InstallProtocolInterface: 107A772C-D5E1-11D4-9A46-0090273FC14D 6BBD260
InstallProtocolInterface: 6A7A5CFF-E8D9-4F70-BADA-75AB3025CE14 6BBD240
Loading driver 2B3DB5DD-B315-4961-8454-0AFF3C811B19
InstallProtocolInterface: 5B1B31A1-9562-11D2-8E3F-00A0C969723B 6E43540
Loading driver at 0x00006BB6000 EntryPoint=0x00006BB80E6 MptScsiDxe.efi
InstallProtocolInterface: BC62157E-3E33-4FEC-9920-2D3B36D750DF 6E33018
ProtectUefiImageCommon - 0x6E43540
  - 0x0000000006BB6000 - 0x0000000000003300
InstallProtocolInterface: 18A031AB-B443-4D1A-A5C0-0C09261E9F71 6BB91C0
InstallProtocolInterface: 107A772C-D5E1-11D4-9A46-0090273FC14D 6BB91A0
InstallProtocolInterface: 6A7A5CFF-E8D9-4F70-BADA-75AB3025CE14 6BB9180
Loading driver 51CCF399-4FDF-4E55-A45B-E123F84D456A
InstallProtocolInterface: 5B1B31A1-9562-11D2-8E3F-00A0C969723B 6E330C0
Loading driver at 0x00006BB2000 EntryPoint=0x00006BB46C2 ConPlatformDxe.efi
InstallProtocolInterface: BC62157E-3E33-4FEC-9920-2D3B36D750DF 6E33A18
ProtectUefiImageCommon - 0x6E330C0
  - 0x0000000006BB2000 - 0x0000000000003E00
InstallProtocolInterface: 18A031AB-B443-4D1A-A5C0-0C09261E9F71 6BB5BE0
InstallProtocolInterface: 107A772C-D5E1-11D4-9A46-0090273FC14D 6BB5C50
InstallProtocolInterface: 6A7A5CFF-E8D9-4F70-BADA-75AB3025CE14 6BB5C30
InstallProtocolInterface: 18A031AB-B443-4D1A-A5C0-0C09261E9F71 6BB5BA0
InstallProtocolInterface: 107A772C-D5E1-11D4-9A46-0090273FC14D 6BB5C50
InstallProtocolInterface: 6A7A5CFF-E8D9-4F70-BADA-75AB3025CE14 6BB5C30
Loading driver 408EDCEC-CF6D-477C-A5A8-B4844E3DE281
InstallProtocolInterface: 5B1B31A1-9562-11D2-8E3F-00A0C969723B 6E0FBC0
Loading driver at 0x00006BA2000 EntryPoint=0x00006BA6F6B ConSplitterDxe.efi
InstallProtocolInterface: BC62157E-3E33-4FEC-9920-2D3B36D750DF 6E0FB18
ProtectUefiImageCommon - 0x6E0FBC0
  - 0x0000000006BA2000 - 0x0000000000007200
InstallProtocolInterface: 18A031AB-B443-4D1A-A5C0-0C09261E9F71 6BA8EE0
InstallProtocolInterface: 107A772C-D5E1-11D4-9A46-0090273FC14D 6BA8EB0
InstallProtocolInterface: 6A7A5CFF-E8D9-4F70-BADA-75AB3025CE14 6BA8E90
InstallProtocolInterface: 18A031AB-B443-4D1A-A5C0-0C09261E9F71 6BA8E60
InstallProtocolInterface: 107A772C-D5E1-11D4-9A46-0090273FC14D 6BA8E30
InstallProtocolInterface: 6A7A5CFF-E8D9-4F70-BADA-75AB3025CE14 6BA8E10
InstallProtocolInterface: 18A031AB-B443-4D1A-A5C0-0C09261E9F71 6BA8DE0
InstallProtocolInterface: 107A772C-D5E1-11D4-9A46-0090273FC14D 6BA8DB0
InstallProtocolInterface: 6A7A5CFF-E8D9-4F70-BADA-75AB3025CE14 6BA8D90
InstallProtocolInterface: 18A031AB-B443-4D1A-A5C0-0C09261E9F71 6BA8D60
InstallProtocolInterface: 107A772C-D5E1-11D4-9A46-0090273FC14D 6BA8D30
InstallProtocolInterface: 6A7A5CFF-E8D9-4F70-BADA-75AB3025CE14 6BA8D10
InstallProtocolInterface: 18A031AB-B443-4D1A-A5C0-0C09261E9F71 6BA8CE0
InstallProtocolInterface: 107A772C-D5E1-11D4-9A46-0090273FC14D 6BA8CB0
InstallProtocolInterface: 6A7A5CFF-E8D9-4F70-BADA-75AB3025CE14 6BA8C90
InstallProtocolInterface: 387477C1-69C7-11D2-8E39-00A0C969723B 6BA8B10
InstallProtocolInterface: DD9E7534-7762-4698-8C14-F58517A625AA 6BA8B40
InstallProtocolInterface: 31878C87-0B75-11D5-9A4F-0090273FC14D 6BA8BB0
InstallProtocolInterface: 8D59D32B-C655-4AE9-9B15-F25904992A43 6BA8C08
InstallProtocolInterface: 387477C2-69C7-11D2-8E39-00A0C969723B 6BA8F50
InstallProtocolInterface: 387477C2-69C7-11D2-8E39-00A0C969723B 6BA89B0
Loading driver CCCB0C28-4B24-11D5-9A5A-0090273FC14D
InstallProtocolInterface: 5B1B31A1-9562-11D2-8E3F-00A0C969723B 6E0C740
Loading driver at 0x00006B38000 EntryPoint=0x00006B3AFD1 GraphicsConsoleDxe.efi
InstallProtocolInterface: BC62157E-3E33-4FEC-9920-2D3B36D750DF 6E0CB18
ProtectUefiImageCommon - 0x6E0C740
  - 0x0000000006B38000 - 0x0000000000005D00
InstallProtocolInterface: 18A031AB-B443-4D1A-A5C0-0C09261E9F71 6B3DB00
InstallProtocolInterface: 107A772C-D5E1-11D4-9A46-0090273FC14D 6B3DAE0
InstallProtocolInterface: 6A7A5CFF-E8D9-4F70-BADA-75AB3025CE14 6B3DAC0
Loading driver 9E863906-A40F-4875-977F-5B93FF237FC6
InstallProtocolInterface: 5B1B31A1-9562-11D2-8E3F-00A0C969723B 6E0B140
Loading driver at 0x00006B28000 EntryPoint=0x00006B2D91A TerminalDxe.efi
InstallProtocolInterface: BC62157E-3E33-4FEC-9920-2D3B36D750DF 6E0B398
ProtectUefiImageCommon - 0x6E0B140
  - 0x0000000006B28000 - 0x0000000000007B00
InstallProtocolInterface: 18A031AB-B443-4D1A-A5C0-0C09261E9F71 6B2F920
InstallProtocolInterface: 107A772C-D5E1-11D4-9A46-0090273FC14D 6B2F8F0
InstallProtocolInterface: 6A7A5CFF-E8D9-4F70-BADA-75AB3025CE14 6B2F8D0
Loading driver 806040CA-DAD9-4978-A3B4-2D2AB0C8A48F
InstallProtocolInterface: 5B1B31A1-9562-11D2-8E3F-00A0C969723B 6E01040
Loading driver at 0x00006B34000 EntryPoint=0x00006B360EA QemuKernelLoaderFsDxe.efi
InstallProtocolInterface: BC62157E-3E33-4FEC-9920-2D3B36D750DF 6E01D18
ProtectUefiImageCommon - 0x6E01040
  - 0x0000000006B34000 - 0x0000000000003E80
Select Item: 0x0
FW CFG Signature: 0x554D4551
Select Item: 0x1
FW CFG Revision: 0x3
QemuFwCfg interface (DMA) is supported.
Select Item: 0x17
Select Item: 0x8
Select Item: 0xB
Error: Image at 00006B34000 start failed: Not Found
Loading driver 6B38F7B4-AD98-40E9-9093-ACA2B5A253C4
InstallProtocolInterface: 5B1B31A1-9562-11D2-8E3F-00A0C969723B 6E01040
Loading driver at 0x00006B23000 EntryPoint=0x00006B25F45 DiskIoDxe.efi
InstallProtocolInterface: BC62157E-3E33-4FEC-9920-2D3B36D750DF 6E01F18
ProtectUefiImageCommon - 0x6E01040
  - 0x0000000006B23000 - 0x0000000000004780
InstallProtocolInterface: 18A031AB-B443-4D1A-A5C0-0C09261E9F71 6B27600
InstallProtocolInterface: 107A772C-D5E1-11D4-9A46-0090273FC14D 6B275D0
InstallProtocolInterface: 6A7A5CFF-E8D9-4F70-BADA-75AB3025CE14 6B275B0
Loading driver 1FA1F39E-FEFF-4AAE-BD7B-38A070A3B609
InstallProtocolInterface: 5B1B31A1-9562-11D2-8E3F-00A0C969723B 6E01440
Loading driver at 0x00006B1C000 EntryPoint=0x00006B20AD7 PartitionDxe.efi
InstallProtocolInterface: BC62157E-3E33-4FEC-9920-2D3B36D750DF 6E01C18
ProtectUefiImageCommon - 0x6E01440
  - 0x0000000006B1C000 - 0x0000000000006500
InstallProtocolInterface: 18A031AB-B443-4D1A-A5C0-0C09261E9F71 6B223A0
InstallProtocolInterface: 107A772C-D5E1-11D4-9A46-0090273FC14D 6B22380
InstallProtocolInterface: 6A7A5CFF-E8D9-4F70-BADA-75AB3025CE14 6B22360
Loading driver CD3BAFB6-50FB-4FE8-8E4E-AB74D2C1A600
InstallProtocolInterface: 5B1B31A1-9562-11D2-8E3F-00A0C969723B 6E00040
Loading driver at 0x00006B9F000 EntryPoint=0x00006BA0207 EnglishDxe.efi
InstallProtocolInterface: BC62157E-3E33-4FEC-9920-2D3B36D750DF 6E00E18
ProtectUefiImageCommon - 0x6E00040
  - 0x0000000006B9F000 - 0x00000000000020C0
InstallProtocolInterface: 1D85CD7F-F43D-11D2-9A0C-0090273FC14D 6BA0C20
InstallProtocolInterface: A4C751FC-23AE-4C3E-92E9-4964CF63F349 6BA0BC0
Loading driver 0167CCC4-D0F7-4F21-A3EF-9E64B7CDCE8B
InstallProtocolInterface: 5B1B31A1-9562-11D2-8E3F-00A0C969723B 6E00540
Loading driver at 0x00006B34000 EntryPoint=0x00006B36AB8 ScsiBus.efi
InstallProtocolInterface: BC62157E-3E33-4FEC-9920-2D3B36D750DF 6E00A18
ProtectUefiImageCommon - 0x6E00540
  - 0x0000000006B34000 - 0x0000000000003E80
InstallProtocolInterface: 18A031AB-B443-4D1A-A5C0-0C09261E9F71 6B37CE0
InstallProtocolInterface: 107A772C-D5E1-11D4-9A46-0090273FC14D 6B37CC0
InstallProtocolInterface: 6A7A5CFF-E8D9-4F70-BADA-75AB3025CE14 6B37CA0
Loading driver 0A66E322-3740-4CCE-AD62-BD172CECCA35
InstallProtocolInterface: 5B1B31A1-9562-11D2-8E3F-00A0C969723B 6BB1040
Loading driver at 0x00006B08000 EntryPoint=0x00006B0FFB5 ScsiDisk.efi
InstallProtocolInterface: BC62157E-3E33-4FEC-9920-2D3B36D750DF 6BB1298
ProtectUefiImageCommon - 0x6BB1040
  - 0x0000000006B08000 - 0x0000000000009980
InstallProtocolInterface: 18A031AB-B443-4D1A-A5C0-0C09261E9F71 6B11820
InstallProtocolInterface: 107A772C-D5E1-11D4-9A46-0090273FC14D 6B117F0
InstallProtocolInterface: 6A7A5CFF-E8D9-4F70-BADA-75AB3025CE14 6B117D0
Loading driver 021722D8-522B-4079-852A-FE44C2C13F49
InstallProtocolInterface: 5B1B31A1-9562-11D2-8E3F-00A0C969723B 6BB1440
Loading driver at 0x00006B30000 EntryPoint=0x00006B31E0A SataController.efi
InstallProtocolInterface: BC62157E-3E33-4FEC-9920-2D3B36D750DF 6BB1798
ProtectUefiImageCommon - 0x6BB1440
  - 0x0000000006B30000 - 0x0000000000003140
InstallProtocolInterface: 18A031AB-B443-4D1A-A5C0-0C09261E9F71 6B32FE0
InstallProtocolInterface: 107A772C-D5E1-11D4-9A46-0090273FC14D 6B32FC0
InstallProtocolInterface: 6A7A5CFF-E8D9-4F70-BADA-75AB3025CE14 6B32FA0
Loading driver 5E523CB4-D397-4986-87BD-A6DD8B22F455
InstallProtocolInterface: 5B1B31A1-9562-11D2-8E3F-00A0C969723B 6BB0CC0
Loading driver at 0x00006AF2000 EntryPoint=0x00006AFA6F2 AtaAtapiPassThruDxe.efi
InstallProtocolInterface: BC62157E-3E33-4FEC-9920-2D3B36D750DF 6BB0918
ProtectUefiImageCommon - 0x6BB0CC0
  - 0x0000000006AF2000 - 0x000000000000AF80
InstallProtocolInterface: 18A031AB-B443-4D1A-A5C0-0C09261E9F71 6AFCD80
InstallProtocolInterface: 107A772C-D5E1-11D4-9A46-0090273FC14D 6AFCD50
InstallProtocolInterface: 6A7A5CFF-E8D9-4F70-BADA-75AB3025CE14 6AFCD30
Loading driver 19DF145A-B1D4-453F-8507-38816676D7F6
InstallProtocolInterface: 5B1B31A1-9562-11D2-8E3F-00A0C969723B 6BB0340
Loading driver at 0x00006B01000 EntryPoint=0x00006B053F7 AtaBusDxe.efi
InstallProtocolInterface: BC62157E-3E33-4FEC-9920-2D3B36D750DF 6BB0B18
ProtectUefiImageCommon - 0x6BB0340
  - 0x0000000006B01000 - 0x0000000000006340
InstallProtocolInterface: 18A031AB-B443-4D1A-A5C0-0C09261E9F71 6B07140
InstallProtocolInterface: 107A772C-D5E1-11D4-9A46-0090273FC14D 6B07110
InstallProtocolInterface: 6A7A5CFF-E8D9-4F70-BADA-75AB3025CE14 6B070F0
Loading driver 5BE3BDF4-53CF-46A3-A6A9-73C34A6E5EE3
InstallProtocolInterface: 5B1B31A1-9562-11D2-8E3F-00A0C969723B 6BAD140
Loading driver at 0x00006AE8000 EntryPoint=0x00006AEF383 NvmExpressDxe.efi
InstallProtocolInterface: BC62157E-3E33-4FEC-9920-2D3B36D750DF 6BADB18
ProtectUefiImageCommon - 0x6BAD140
  - 0x0000000006AE8000 - 0x0000000000009A00
InstallProtocolInterface: 18A031AB-B443-4D1A-A5C0-0C09261E9F71 6AF1860
InstallProtocolInterface: 107A772C-D5E1-11D4-9A46-0090273FC14D 6AF1840
InstallProtocolInterface: 6A7A5CFF-E8D9-4F70-BADA-75AB3025CE14 6AF1820
InstallProtocolInterface: 5C198761-16A8-4E69-972C-89D67954F81D 6AF1810
Loading driver 864E1CA8-85EB-4D63-9DCC-6E0FC90FFD55
InstallProtocolInterface: 5B1B31A1-9562-11D2-8E3F-00A0C969723B 6BAD5C0
Loading driver at 0x00006B14000 EntryPoint=0x00006B15DDE SioBusDxe.efi
InstallProtocolInterface: BC62157E-3E33-4FEC-9920-2D3B36D750DF 6BACF98
ProtectUefiImageCommon - 0x6BAD5C0
  - 0x0000000006B14000 - 0x0000000000003100
InstallProtocolInterface: 18A031AB-B443-4D1A-A5C0-0C09261E9F71 6B16F60
InstallProtocolInterface: 107A772C-D5E1-11D4-9A46-0090273FC14D 6B16F40
InstallProtocolInterface: 6A7A5CFF-E8D9-4F70-BADA-75AB3025CE14 6B16F20
Loading driver E2775B47-D453-4EE3-ADA7-391A1B05AC17
InstallProtocolInterface: 5B1B31A1-9562-11D2-8E3F-00A0C969723B 6BAC140
Loading driver at 0x00006ADC000 EntryPoint=0x00006AE05C5 PciSioSerialDxe.efi
InstallProtocolInterface: BC62157E-3E33-4FEC-9920-2D3B36D750DF 6BAC998
ProtectUefiImageCommon - 0x6BAC140
  - 0x0000000006ADC000 - 0x0000000000005FC0
InstallProtocolInterface: 18A031AB-B443-4D1A-A5C0-0C09261E9F71 6AE1E00
InstallProtocolInterface: 107A772C-D5E1-11D4-9A46-0090273FC14D 6AE1DE0
InstallProtocolInterface: 6A7A5CFF-E8D9-4F70-BADA-75AB3025CE14 6AE1DC0
Loading driver C4D1F932-821F-4744-BF06-6D30F7730F8D
InstallProtocolInterface: 5B1B31A1-9562-11D2-8E3F-00A0C969723B 6BAB040
Loading driver at 0x00006AD6000 EntryPoint=0x00006AD9B3A Ps2KeyboardDxe.efi
InstallProtocolInterface: BC62157E-3E33-4FEC-9920-2D3B36D750DF 6BABE98
ProtectUefiImageCommon - 0x6BAB040
  - 0x0000000006AD6000 - 0x0000000000005700
InstallProtocolInterface: 18A031AB-B443-4D1A-A5C0-0C09261E9F71 6ADB560
InstallProtocolInterface: 107A772C-D5E1-11D4-9A46-0090273FC14D 6ADB530
InstallProtocolInterface: 6A7A5CFF-E8D9-4F70-BADA-75AB3025CE14 6ADB510
Loading driver B8E62775-BB0A-43F0-A843-5BE8B14F8CCD
InstallProtocolInterface: 5B1B31A1-9562-11D2-8E3F-00A0C969723B 6BAB9C0
Loading driver at 0x00006AFE000 EntryPoint=0x00006AFF605 BootGraphicsResourceTableDxe.efi
InstallProtocolInterface: BC62157E-3E33-4FEC-9920-2D3B36D750DF 6BAB918
ProtectUefiImageCommon - 0x6BAB9C0
  - 0x0000000006AFE000 - 0x00000000000028C0
InstallProtocolInterface: CDEA2BD3-FC25-4C1C-B97C-B31186064990 6B00690
InstallProtocolInterface: 4B5DC1DF-1EAA-48B2-A7E9-EAC489A00B5C 6B00670
Loading driver 961578FE-B6B7-44C3-AF35-6BC705CD2B1F
InstallProtocolInterface: 5B1B31A1-9562-11D2-8E3F-00A0C969723B 6BAAD40
Loading driver at 0x00006AC2000 EntryPoint=0x00006AC9AEC Fat.efi
InstallProtocolInterface: BC62157E-3E33-4FEC-9920-2D3B36D750DF 6BAA118
ProtectUefiImageCommon - 0x6BAAD40
  - 0x0000000006AC2000 - 0x0000000000009B80
InstallProtocolInterface: 18A031AB-B443-4D1A-A5C0-0C09261E9F71 6ACBA00
InstallProtocolInterface: 107A772C-D5E1-11D4-9A46-0090273FC14D 6ACB9D0
InstallProtocolInterface: 6A7A5CFF-E8D9-4F70-BADA-75AB3025CE14 6ACB9B0
Loading driver 905F13B0-8F91-4B0A-BD76-E1E78F9422E4
InstallProtocolInterface: 5B1B31A1-9562-11D2-8E3F-00A0C969723B 6BAA2C0
Loading driver at 0x00006ABB000 EntryPoint=0x00006ABF8CB UdfDxe.efi
InstallProtocolInterface: BC62157E-3E33-4FEC-9920-2D3B36D750DF 6BAA898
ProtectUefiImageCommon - 0x6BAA2C0
  - 0x0000000006ABB000 - 0x0000000000006040
InstallProtocolInterface: 18A031AB-B443-4D1A-A5C0-0C09261E9F71 6AC0F00
InstallProtocolInterface: 107A772C-D5E1-11D4-9A46-0090273FC14D 6AC0ED0
InstallProtocolInterface: 6A7A5CFF-E8D9-4F70-BADA-75AB3025CE14 6AC0EB0
Loading driver 7BD9DDF7-8B83-488E-AEC9-24C78610289C
InstallProtocolInterface: 5B1B31A1-9562-11D2-8E3F-00A0C969723B 6B1BB40
Loading driver at 0x00006AB1000 EntryPoint=0x00006AB7ECB VirtioFsDxe.efi
InstallProtocolInterface: BC62157E-3E33-4FEC-9920-2D3B36D750DF 6B1BA98
ProtectUefiImageCommon - 0x6B1BB40
  - 0x0000000006AB1000 - 0x0000000000009100
InstallProtocolInterface: 18A031AB-B443-4D1A-A5C0-0C09261E9F71 6ABA020
InstallProtocolInterface: 6A7A5CFF-E8D9-4F70-BADA-75AB3025CE14 6ABA000
Loading driver A2F436EA-A127-4EF8-957C-8048606FF670
InstallProtocolInterface: 5B1B31A1-9562-11D2-8E3F-00A0C969723B 6B1B240
Loading driver at 0x00006AA9000 EntryPoint=0x00006AAE0CE SnpDxe.efi
InstallProtocolInterface: BC62157E-3E33-4FEC-9920-2D3B36D750DF 6B1B718
ProtectUefiImageCommon - 0x6B1B240
  - 0x0000000006AA9000 - 0x0000000000007180
InstallProtocolInterface: 18A031AB-B443-4D1A-A5C0-0C09261E9F71 6AB0040
InstallProtocolInterface: 107A772C-D5E1-11D4-9A46-0090273FC14D 6AB0010
InstallProtocolInterface: 6A7A5CFF-E8D9-4F70-BADA-75AB3025CE14 6AAFFF0
Loading driver E4F61863-FE2C-4B56-A8F4-08519BC439DF
InstallProtocolInterface: 5B1B31A1-9562-11D2-8E3F-00A0C969723B 6B1ACC0
Loading driver at 0x00006AA2000 EntryPoint=0x00006AA640B VlanConfigDxe.efi
InstallProtocolInterface: BC62157E-3E33-4FEC-9920-2D3B36D750DF 6B1AB18
ProtectUefiImageCommon - 0x6B1ACC0
  - 0x0000000006AA2000 - 0x0000000000006980
InstallProtocolInterface: 18A031AB-B443-4D1A-A5C0-0C09261E9F71 6AA87A0
InstallProtocolInterface: 107A772C-D5E1-11D4-9A46-0090273FC14D 6AA8770
InstallProtocolInterface: 6A7A5CFF-E8D9-4F70-BADA-75AB3025CE14 6AA8750
Loading driver 025BBFC7-E6A9-4B8B-82AD-6815A1AEAF4A
InstallProtocolInterface: 5B1B31A1-9562-11D2-8E3F-00A0C969723B 6B1A3C0
Loading driver at 0x00006A8C000 EntryPoint=0x00006A9351E MnpDxe.efi
InstallProtocolInterface: BC62157E-3E33-4FEC-9920-2D3B36D750DF 6B1A718
ProtectUefiImageCommon - 0x6B1A3C0
  - 0x0000000006A8C000 - 0x000000000000A200
InstallProtocolInterface: 18A031AB-B443-4D1A-A5C0-0C09261E9F71 6A96020
InstallProtocolInterface: 107A772C-D5E1-11D4-9A46-0090273FC14D 6A96000
InstallProtocolInterface: 6A7A5CFF-E8D9-4F70-BADA-75AB3025CE14 6A95FE0
Loading driver 529D3F93-E8E9-4E73-B1E1-BDF6A9D50113
InstallProtocolInterface: 5B1B31A1-9562-11D2-8E3F-00A0C969723B 6B19CC0
Loading driver at 0x00006AD0000 EntryPoint=0x00006AD40D4 ArpDxe.efi
InstallProtocolInterface: BC62157E-3E33-4FEC-9920-2D3B36D750DF 6B19818
ProtectUefiImageCommon - 0x6B19CC0
  - 0x0000000006AD0000 - 0x0000000000005CC0
InstallProtocolInterface: 18A031AB-B443-4D1A-A5C0-0C09261E9F71 6AD5B60
InstallProtocolInterface: 107A772C-D5E1-11D4-9A46-0090273FC14D 6AD5B30
InstallProtocolInterface: 6A7A5CFF-E8D9-4F70-BADA-75AB3025CE14 6AD5B10
Loading driver 94734718-0BBC-47FB-96A5-EE7A5AE6A2AD
InstallProtocolInterface: 5B1B31A1-9562-11D2-8E3F-00A0C969723B 6B193C0
Loading driver at 0x00006A81000 EntryPoint=0x00006A886DE Dhcp4Dxe.efi
InstallProtocolInterface: BC62157E-3E33-4FEC-9920-2D3B36D750DF 6B18F18
ProtectUefiImageCommon - 0x6B193C0
  - 0x0000000006A81000 - 0x000000000000A480
InstallProtocolInterface: 18A031AB-B443-4D1A-A5C0-0C09261E9F71 6A8B260
InstallProtocolInterface: 107A772C-D5E1-11D4-9A46-0090273FC14D 6A8B230
InstallProtocolInterface: 6A7A5CFF-E8D9-4F70-BADA-75AB3025CE14 6A8B210
Loading driver 9FB1A1F3-3B71-4324-B39A-745CBB015FFF
InstallProtocolInterface: 5B1B31A1-9562-11D2-8E3F-00A0C969723B 6B181C0
Loading driver at 0x00006A59000 EntryPoint=0x00006A5B696 Ip4Dxe.efi
InstallProtocolInterface: BC62157E-3E33-4FEC-9920-2D3B36D750DF 6B18A18
ProtectUefiImageCommon - 0x6B181C0
  - 0x0000000006A59000 - 0x00000000000131C0
InstallProtocolInterface: 18A031AB-B443-4D1A-A5C0-0C09261E9F71 6A6BE60
InstallProtocolInterface: 107A772C-D5E1-11D4-9A46-0090273FC14D 6A6BE40
InstallProtocolInterface: 6A7A5CFF-E8D9-4F70-BADA-75AB3025CE14 6A6BE20
Loading driver 6D6963AB-906D-4A65-A7CA-BD40E5D6AF2B
InstallProtocolInterface: 5B1B31A1-9562-11D2-8E3F-00A0C969723B 6B13040
Loading driver at 0x00006A78000 EntryPoint=0x00006A7E581 Udp4Dxe.efi
InstallProtocolInterface: BC62157E-3E33-4FEC-9920-2D3B36D750DF 6B13F18
ProtectUefiImageCommon - 0x6B13040
  - 0x0000000006A78000 - 0x0000000000008800
InstallProtocolInterface: 18A031AB-B443-4D1A-A5C0-0C09261E9F71 6A80660
InstallProtocolInterface: 107A772C-D5E1-11D4-9A46-0090273FC14D 6A80640
InstallProtocolInterface: 6A7A5CFF-E8D9-4F70-BADA-75AB3025CE14 6A80620
Loading driver DC3641B8-2FA8-4ED3-BC1F-F9962A03454B
InstallProtocolInterface: 5B1B31A1-9562-11D2-8E3F-00A0C969723B 6B139C0
Loading driver at 0x00006A6F000 EntryPoint=0x00006A75E7B Mtftp4Dxe.efi
InstallProtocolInterface: BC62157E-3E33-4FEC-9920-2D3B36D750DF 6B13398
ProtectUefiImageCommon - 0x6B139C0
  - 0x0000000006A6F000 - 0x0000000000008FC0
InstallProtocolInterface: 18A031AB-B443-4D1A-A5C0-0C09261E9F71 6A77E20
InstallProtocolInterface: 107A772C-D5E1-11D4-9A46-0090273FC14D 6A77E00
InstallProtocolInterface: 6A7A5CFF-E8D9-4F70-BADA-75AB3025CE14 6A77DE0
Loading driver 1A7E4468-2F55-4A56-903C-01265EB7622B
InstallProtocolInterface: 5B1B31A1-9562-11D2-8E3F-00A0C969723B 6B12040
Loading driver at 0x00006A35000 EntryPoint=0x00006A37E5B TcpDxe.efi
InstallProtocolInterface: BC62157E-3E33-4FEC-9920-2D3B36D750DF 6B12E98
ProtectUefiImageCommon - 0x6B12040
  - 0x0000000006A35000 - 0x0000000000011E40
InstallProtocolInterface: 18A031AB-B443-4D1A-A5C0-0C09261E9F71 6A469A0
InstallProtocolInterface: 107A772C-D5E1-11D4-9A46-0090273FC14D 6A46A50
InstallProtocolInterface: 6A7A5CFF-E8D9-4F70-BADA-75AB3025CE14 6A46A30
InstallProtocolInterface: 18A031AB-B443-4D1A-A5C0-0C09261E9F71 6A46960
InstallProtocolInterface: 107A772C-D5E1-11D4-9A46-0090273FC14D 6A46A50
InstallProtocolInterface: 6A7A5CFF-E8D9-4F70-BADA-75AB3025CE14 6A46A30
Loading driver B95E9FDA-26DE-48D2-8807-1F9107AC5E3A
InstallProtocolInterface: 5B1B31A1-9562-11D2-8E3F-00A0C969723B 6B12540
Loading driver at 0x00006A23000 EntryPoint=0x00006A29756 UefiPxeBcDxe.efi
InstallProtocolInterface: BC62157E-3E33-4FEC-9920-2D3B36D750DF 6B12D18
ProtectUefiImageCommon - 0x6B12540
  - 0x0000000006A23000 - 0x0000000000011400
Select Item: 0x0
FW CFG Signature: 0x554D4551
Select Item: 0x1
FW CFG Revision: 0x3
QemuFwCfg interface (DMA) is supported.
Select Item: 0x19
Select Item: 0x19
InstallProtocolInterface: 18A031AB-B443-4D1A-A5C0-0C09261E9F71 6A33F20
InstallProtocolInterface: 107A772C-D5E1-11D4-9A46-0090273FC14D 6A33FC0
InstallProtocolInterface: 6A7A5CFF-E8D9-4F70-BADA-75AB3025CE14 6A33FA0
InstallProtocolInterface: 18A031AB-B443-4D1A-A5C0-0C09261E9F71 6A33EE0
InstallProtocolInterface: 107A772C-D5E1-11D4-9A46-0090273FC14D 6A33FC0
InstallProtocolInterface: 6A7A5CFF-E8D9-4F70-BADA-75AB3025CE14 6A33FA0
Loading driver 86CDDF93-4872-4597-8AF9-A35AE4D3725F
InstallProtocolInterface: 5B1B31A1-9562-11D2-8E3F-00A0C969723B 6AFD340
Loading driver at 0x000069E7000 EntryPoint=0x000069EE1B2 IScsiDxe.efi
InstallProtocolInterface: BC62157E-3E33-4FEC-9920-2D3B36D750DF 6AFD818
ProtectUefiImageCommon - 0x6AFD340
  - 0x00000000069E7000 - 0x000000000001D580
InstallProtocolInterface: 18A031AB-B443-4D1A-A5C0-0C09261E9F71 6A04060
InstallProtocolInterface: 107A772C-D5E1-11D4-9A46-0090273FC14D 6A040C0
InstallProtocolInterface: 6A7A5CFF-E8D9-4F70-BADA-75AB3025CE14 6A040A0
InstallProtocolInterface: 18A031AB-B443-4D1A-A5C0-0C09261E9F71 6A04020
InstallProtocolInterface: 107A772C-D5E1-11D4-9A46-0090273FC14D 6A040C0
InstallProtocolInterface: 6A7A5CFF-E8D9-4F70-BADA-75AB3025CE14 6A040A0
InstallProtocolInterface: 59324945-EC44-4C0D-B1CD-9DB139DF070C 6A04010
InstallProtocolInterface: 09576E91-6D3F-11D2-8E39-00A0C969723B 6A04120
InstallProtocolInterface: 330D4706-F2A0-4E4F-A369-B66FA8D54385 6AE70A8
InstallProtocolInterface: 7671D9D0-53DB-4173-AA69-2327F21F0BC7 6A03FF0
Loading driver A92CDB4B-82F1-4E0B-A516-8A655D371524
InstallProtocolInterface: 5B1B31A1-9562-11D2-8E3F-00A0C969723B 6AE26C0
Loading driver at 0x00006A53000 EntryPoint=0x00006A56B96 VirtioNetDxe.efi
InstallProtocolInterface: BC62157E-3E33-4FEC-9920-2D3B36D750DF 6AE7218
ProtectUefiImageCommon - 0x6AE26C0
  - 0x0000000006A53000 - 0x0000000000005400
InstallProtocolInterface: 18A031AB-B443-4D1A-A5C0-0C09261E9F71 6A582C0
InstallProtocolInterface: 107A772C-D5E1-11D4-9A46-0090273FC14D 6A58290
InstallProtocolInterface: 6A7A5CFF-E8D9-4F70-BADA-75AB3025CE14 6A58270
Loading driver 2FB92EFA-2EE0-4BAE-9EB6-7464125E1EF7
InstallProtocolInterface: 5B1B31A1-9562-11D2-8E3F-00A0C969723B 6AE2D40
Loading driver at 0x00006A4C000 EntryPoint=0x00006A51208 UhciDxe.efi
InstallProtocolInterface: BC62157E-3E33-4FEC-9920-2D3B36D750DF 6AE2598
ProtectUefiImageCommon - 0x6AE2D40
  - 0x0000000006A4C000 - 0x0000000000006DC0
InstallProtocolInterface: 18A031AB-B443-4D1A-A5C0-0C09261E9F71 6A52C20
InstallProtocolInterface: 107A772C-D5E1-11D4-9A46-0090273FC14D 6A52C00
InstallProtocolInterface: 6A7A5CFF-E8D9-4F70-BADA-75AB3025CE14 6A52BE0
Loading driver BDFE430E-8F2A-4DB0-9991-6F856594777E
InstallProtocolInterface: 5B1B31A1-9562-11D2-8E3F-00A0C969723B 6AE4D40
Loading driver at 0x00006A1A000 EntryPoint=0x00006A20354 EhciDxe.efi
InstallProtocolInterface: BC62157E-3E33-4FEC-9920-2D3B36D750DF 6AE4B98
ProtectUefiImageCommon - 0x6AE4D40
  - 0x0000000006A1A000 - 0x0000000000008780
InstallProtocolInterface: 18A031AB-B443-4D1A-A5C0-0C09261E9F71 6A225E0
InstallProtocolInterface: 107A772C-D5E1-11D4-9A46-0090273FC14D 6A225C0
InstallProtocolInterface: 6A7A5CFF-E8D9-4F70-BADA-75AB3025CE14 6A225A0
Loading driver B7F50E91-A759-412C-ADE4-DCD03E7F7C28
InstallProtocolInterface: 5B1B31A1-9562-11D2-8E3F-00A0C969723B 6AE47C0
Loading driver at 0x000069DA000 EntryPoint=0x000069E38C9 XhciDxe.efi
InstallProtocolInterface: BC62157E-3E33-4FEC-9920-2D3B36D750DF 6AE4A98
ProtectUefiImageCommon - 0x6AE47C0
  - 0x00000000069DA000 - 0x000000000000CA80
InstallProtocolInterface: 18A031AB-B443-4D1A-A5C0-0C09261E9F71 69E68E0
InstallProtocolInterface: 107A772C-D5E1-11D4-9A46-0090273FC14D 69E68C0
InstallProtocolInterface: 6A7A5CFF-E8D9-4F70-BADA-75AB3025CE14 69E68A0
Loading driver 240612B7-A063-11D4-9A3A-0090273FC14D
InstallProtocolInterface: 5B1B31A1-9562-11D2-8E3F-00A0C969723B 6AE3040
Loading driver at 0x00006A06000 EntryPoint=0x00006A0C6F0 UsbBusDxe.efi
InstallProtocolInterface: BC62157E-3E33-4FEC-9920-2D3B36D750DF 6AE3C98
ProtectUefiImageCommon - 0x6AE3040
  - 0x0000000006A06000 - 0x0000000000009280
InstallProtocolInterface: 18A031AB-B443-4D1A-A5C0-0C09261E9F71 6A0F0C0
InstallProtocolInterface: 107A772C-D5E1-11D4-9A46-0090273FC14D 6A0F090
InstallProtocolInterface: 6A7A5CFF-E8D9-4F70-BADA-75AB3025CE14 6A0F070
Loading driver 2D2E62CF-9ECF-43B7-8219-94E7FC713DFE
InstallProtocolInterface: 5B1B31A1-9562-11D2-8E3F-00A0C969723B 6AE35C0
Loading driver at 0x00006A13000 EntryPoint=0x00006A1712C UsbKbDxe.efi
InstallProtocolInterface: BC62157E-3E33-4FEC-9920-2D3B36D750DF 6AE3818
ProtectUefiImageCommon - 0x6AE35C0
  - 0x0000000006A13000 - 0x00000000000062C0
InstallProtocolInterface: 18A031AB-B443-4D1A-A5C0-0C09261E9F71 6A190E0
InstallProtocolInterface: 107A772C-D5E1-11D4-9A46-0090273FC14D 6A190B0
InstallProtocolInterface: 6A7A5CFF-E8D9-4F70-BADA-75AB3025CE14 6A19090
Loading driver 9FB4B4A7-42C0-4BCD-8540-9BCC6711F83E
InstallProtocolInterface: 5B1B31A1-9562-11D2-8E3F-00A0C969723B 6A982C0
Loading driver at 0x000069D4000 EntryPoint=0x000069D7C90 UsbMassStorageDxe.efi
InstallProtocolInterface: BC62157E-3E33-4FEC-9920-2D3B36D750DF 6A98C98
ProtectUefiImageCommon - 0x6A982C0
  - 0x00000000069D4000 - 0x0000000000005940
InstallProtocolInterface: 18A031AB-B443-4D1A-A5C0-0C09261E9F71 69D97E0
InstallProtocolInterface: 107A772C-D5E1-11D4-9A46-0090273FC14D 69D97B0
InstallProtocolInterface: 6A7A5CFF-E8D9-4F70-BADA-75AB3025CE14 69D9790
Loading driver E3752948-B9A1-4770-90C4-DF41C38986BE
InstallProtocolInterface: 5B1B31A1-9562-11D2-8E3F-00A0C969723B 6A98540
Loading driver at 0x000069CE000 EntryPoint=0x000069D1B5C QemuVideoDxe.efi
InstallProtocolInterface: BC62157E-3E33-4FEC-9920-2D3B36D750DF 6A98198
ProtectUefiImageCommon - 0x6A98540
  - 0x00000000069CE000 - 0x0000000000006000
InstallProtocolInterface: 18A031AB-B443-4D1A-A5C0-0C09261E9F71 69D3EA0
InstallProtocolInterface: 107A772C-D5E1-11D4-9A46-0090273FC14D 69D3E80
InstallProtocolInterface: 6A7A5CFF-E8D9-4F70-BADA-75AB3025CE14 69D3E60
Loading driver D6099B94-CD97-4CC5-8714-7F6312701A8A
InstallProtocolInterface: 5B1B31A1-9562-11D2-8E3F-00A0C969723B 6A972C0
Loading driver at 0x000069C8000 EntryPoint=0x000069CBC5D VirtioGpuDxe.efi
InstallProtocolInterface: BC62157E-3E33-4FEC-9920-2D3B36D750DF 6A97A98
ProtectUefiImageCommon - 0x6A972C0
  - 0x00000000069C8000 - 0x0000000000005780
InstallProtocolInterface: 18A031AB-B443-4D1A-A5C0-0C09261E9F71 69CD620
InstallProtocolInterface: 6A7A5CFF-E8D9-4F70-BADA-75AB3025CE14 69CD600
[Bds] Entry...
[BdsDxe] Locate Variable Lock protocol - Success
!!! DEPRECATED INTERFACE !!! VariableLockRequestToLock() will go away soon!
!!! DEPRECATED INTERFACE !!! Please move to use Variable Policy!
!!! DEPRECATED INTERFACE !!! Variable: 8BE4DF61-93CA-11D2-AA0D-00E098032B8C PlatformLangCodes
!!! DEPRECATED INTERFACE !!! VariableLockRequestToLock() will go away soon!
!!! DEPRECATED INTERFACE !!! Please move to use Variable Policy!
!!! DEPRECATED INTERFACE !!! Variable: 8BE4DF61-93CA-11D2-AA0D-00E098032B8C LangCodes
!!! DEPRECATED INTERFACE !!! VariableLockRequestToLock() will go away soon!
!!! DEPRECATED INTERFACE !!! Please move to use Variable Policy!
!!! DEPRECATED INTERFACE !!! Variable: 8BE4DF61-93CA-11D2-AA0D-00E098032B8C BootOptionSupport
!!! DEPRECATED INTERFACE !!! VariableLockRequestToLock() will go away soon!
!!! DEPRECATED INTERFACE !!! Please move to use Variable Policy!
!!! DEPRECATED INTERFACE !!! Variable: 8BE4DF61-93CA-11D2-AA0D-00E098032B8C HwErrRecSupport
!!! DEPRECATED INTERFACE !!! VariableLockRequestToLock() will go away soon!
!!! DEPRECATED INTERFACE !!! Please move to use Variable Policy!
!!! DEPRECATED INTERFACE !!! Variable: 8BE4DF61-93CA-11D2-AA0D-00E098032B8C OsIndicationsSupported
Variable Driver Auto Update PlatformLang, PlatformLang:en, Lang:eng Status: Success
!!! DEPRECATED INTERFACE !!! VariableLockRequestToLock() will go away soon!
!!! DEPRECATED INTERFACE !!! Please move to use Variable Policy!
!!! DEPRECATED INTERFACE !!! Variable: 8BE4DF61-93CA-11D2-AA0D-00E098032B8C PlatformRecovery0000
PlatformBootManagerBeforeConsole
Registered NotifyDevPath Event
PCI Bus First Scanning
PciBus: Discovered PCI @ [00|00|00]

PciBus: Discovered PCI @ [00|01|00]

PciBus: Discovered PCI @ [00|01|01]
   BAR[4]: Type =   Io32; Alignment = 0xF;	Length = 0x10;	Offset = 0x20

PciBus: Discovered PCI @ [00|01|03]

PciBus: Discovered PCI @ [00|02|00]
   BAR[0]: Type = PMem32; Alignment = 0xFFFFFF;	Length = 0x1000000;	Offset = 0x10
   BAR[2]: Type =  Mem32; Alignment = 0xFFF;	Length = 0x1000;	Offset = 0x18

PCI Bus Second Scanning
PciBus: Discovered PCI @ [00|00|00]

PciBus: Discovered PCI @ [00|01|00]

PciBus: Discovered PCI @ [00|01|01]
   BAR[4]: Type =   Io32; Alignment = 0xF;	Length = 0x10;	Offset = 0x20

PciBus: Discovered PCI @ [00|01|03]

PciBus: Discovered PCI @ [00|02|00]
   BAR[0]: Type = PMem32; Alignment = 0xFFFFFF;	Length = 0x1000000;	Offset = 0x10
   BAR[2]: Type =  Mem32; Alignment = 0xFFF;	Length = 0x1000;	Offset = 0x18

PciBus: Discovered PCI @ [00|00|00]

PciBus: Discovered PCI @ [00|01|00]

PciBus: Discovered PCI @ [00|01|01]
   BAR[4]: Type =   Io32; Alignment = 0xF;	Length = 0x10;	Offset = 0x20

PciBus: Discovered PCI @ [00|01|03]

PciBus: Discovered PCI @ [00|02|00]
   BAR[0]: Type = PMem32; Alignment = 0xFFFFFF;	Length = 0x1000000;	Offset = 0x10
   BAR[2]: Type =  Mem32; Alignment = 0xFFF;	Length = 0x1000;	Offset = 0x18

PciHostBridge: SubmitResources for PciRoot(0x0)
 I/O: Granularity/SpecificFlag = 0 / 01
      Length/Alignment = 0x1000 / 0xFFF
 Mem: Granularity/SpecificFlag = 32 / 00
      Length/Alignment = 0x1100000 / 0xFFFFFF
PciBus: HostBridge->SubmitResources() - Success
PciHostBridge: NotifyPhase (AllocateResources)
 RootBridge: PciRoot(0x0)
  Mem: Base/Length/Alignment = 80000000/1100000/FFFFFF - Success
  I/O: Base/Length/Alignment = C000/1000/FFF - Success
PciBus: HostBridge->NotifyPhase(AllocateResources) - Success
Process Option ROM: BAR Base/Length = 81000000/10000
PciBus: Resource Map for Root Bridge PciRoot(0x0)
Type =   Io16; Base = 0xC000;	Length = 0x1000;	Alignment = 0xFFF
   Base = 0xC000;	Length = 0x10;	Alignment = 0xF;	Owner = PCI [00|01|01:20]
Type =  Mem32; Base = 0x80000000;	Length = 0x1100000;	Alignment = 0xFFFFFF
   Base = 0x80000000;	Length = 0x1000000;	Alignment = 0xFFFFFF;	Owner = PCI [00|02|00:10]; Type = PMem32
   Base = 0x81000000;	Length = 0x10000;	Alignment = 0xFFFF;	Owner = PCI [00|00|00:00]; Type =  OpRom
   Base = 0x81010000;	Length = 0x1000;	Alignment = 0xFFF;	Owner = PCI [00|02|00:18]

InstallProtocolInterface: 09576E91-6D3F-11D2-8E39-00A0C969723B 6A9FB18
InstallProtocolInterface: 4CF5B200-68B8-4CA5-9EEC-B23E3F50029A 6A9F728
InstallProtocolInterface: 09576E91-6D3F-11D2-8E39-00A0C969723B 6A9FB98
InstallProtocolInterface: 4CF5B200-68B8-4CA5-9EEC-B23E3F50029A 6A9E028
InstallProtocolInterface: 09576E91-6D3F-11D2-8E39-00A0C969723B 6A9FC18
InstallProtocolInterface: 4CF5B200-68B8-4CA5-9EEC-B23E3F50029A 6A9E428
InstallProtocolInterface: 09576E91-6D3F-11D2-8E39-00A0C969723B 6A9EE98
InstallProtocolInterface: 4CF5B200-68B8-4CA5-9EEC-B23E3F50029A 6A9E828
InstallProtocolInterface: 09576E91-6D3F-11D2-8E39-00A0C969723B 6A9EF18
InstallProtocolInterface: 4CF5B200-68B8-4CA5-9EEC-B23E3F50029A 6A9D028
InstallProtocolInterface: 30CFE3E7-3DE1-4586-BE20-DEABA1B3B793 0
OnRootBridgesConnected: root bridges have been connected, installing ACPI tables
Select Item: 0x19
Select Item: 0x29
Select Item: 0x19
Select Item: 0x28
Select Item: 0x19
Select Item: 0x22
Select Item: 0x19
Select Item: 0x23
InstallQemuFwCfgTables: installed 5 tables
PcRtc: Write 0x20 to CMOS location 0x32
AcpiS3ContextSave!
AcpiS3Context: AcpiFacsTable is 0x 7BDD000
AcpiS3Context: IdtrProfile is 0x 7B6C000
AcpiS3Context: S3NvsPageTableAddress is 0x       0
AcpiS3Context: S3DebugBufferAddress is 0x 7B62000
AcpiS3Context: BootScriptStackBase is 0x 7B63000
AcpiS3Context: BootScriptStackSize is 0x    8000
[Variable]END_OF_DXE is signaled
Initialize variable error flag (FF)
Select Item: 0x19
Select Item: 0x28
InstallProtocolInterface: 60FF8964-E906-41D0-AFED-F241E974E08E 0
InstallProtocolInterface: FA20568B-548B-4B2B-81EF-1BA08D4A3CEC 0
Select Item: 0x0
FW CFG Signature: 0x554D4551
Select Item: 0x1
FW CFG Revision: 0x3
QemuFwCfg interface (DMA) is supported.
Select Item: 0x19
Select Item: 0x28
Found LPC Bridge device
BdsPlatform.c+618: COM1 DevPath: PciRoot(0x0)/Pci(0x1,0x0)/Serial(0x0)/Uart(115200,8,N,1)/VenMsg(E0C14753-F9BE-11D2-9A0C-0090273FC14D)
BdsPlatform.c+650: COM2 DevPath: PciRoot(0x0)/Pci(0x1,0x0)/Serial(0x1)/Uart(115200,8,N,1)/VenMsg(E0C14753-F9BE-11D2-9A0C-0090273FC14D)
Found PCI display device
QemuVideo: QEMU Standard VGA detected
QemuVideo: Using mmio bar @ 0x81010000
InstallProtocolInterface: 09576E91-6D3F-11D2-8E39-00A0C969723B 6A9FE98
QemuVideoBochsModeSetup: AvailableFbSize=0x1000000
Adding Mode 0 as Bochs Internal Mode 0: 640x480, 32-bit
Adding Mode 1 as Bochs Internal Mode 1: 800x480, 32-bit
Adding Mode 2 as Bochs Internal Mode 2: 800x600, 32-bit
Adding Mode 3 as Bochs Internal Mode 3: 832x624, 32-bit
Adding Mode 4 as Bochs Internal Mode 4: 960x640, 32-bit
Adding Mode 5 as Bochs Internal Mode 5: 1024x600, 32-bit
Adding Mode 6 as Bochs Internal Mode 6: 1024x768, 32-bit
Adding Mode 7 as Bochs Internal Mode 7: 1152x864, 32-bit
Adding Mode 8 as Bochs Internal Mode 8: 1152x870, 32-bit
Adding Mode 9 as Bochs Internal Mode 9: 1280x720, 32-bit
Adding Mode 10 as Bochs Internal Mode 10: 1280x760, 32-bit
Adding Mode 11 as Bochs Internal Mode 11: 1280x768, 32-bit
Adding Mode 12 as Bochs Internal Mode 12: 1280x800, 32-bit
Adding Mode 13 as Bochs Internal Mode 13: 1280x960, 32-bit
Adding Mode 14 as Bochs Internal Mode 14: 1280x1024, 32-bit
Adding Mode 15 as Bochs Internal Mode 15: 1360x768, 32-bit
Adding Mode 16 as Bochs Internal Mode 16: 1366x768, 32-bit
Adding Mode 17 as Bochs Internal Mode 17: 1400x1050, 32-bit
Adding Mode 18 as Bochs Internal Mode 18: 1440x900, 32-bit
Adding Mode 19 as Bochs Internal Mode 19: 1600x900, 32-bit
Adding Mode 20 as Bochs Internal Mode 20: 1600x1200, 32-bit
Adding Mode 21 as Bochs Internal Mode 21: 1680x1050, 32-bit
Adding Mode 22 as Bochs Internal Mode 22: 1920x1080, 32-bit
Adding Mode 23 as Bochs Internal Mode 23: 1920x1200, 32-bit
Adding Mode 24 as Bochs Internal Mode 24: 1920x1440, 32-bit
Adding Mode 25 as Bochs Internal Mode 25: 2000x2000, 32-bit
Adding Mode 26 as Bochs Internal Mode 26: 2048x1536, 32-bit
Adding Mode 27 as Bochs Internal Mode 27: 2048x2048, 32-bit
Adding Mode 28 as Bochs Internal Mode 28: 2560x1440, 32-bit
Adding Mode 29 as Bochs Internal Mode 29: 2560x1600, 32-bit
InitializeBochsGraphicsMode: 640x480 @ 32
PixelBlueGreenRedReserved8BitPerColor
FrameBufferBase: 0x80000000, FrameBufferSize: 0x12C000
0: shl:0 shr:0 mask:FF0000
1: shl:0 shr:0 mask:FF00
2: shl:0 shr:0 mask:FF
Bytes per pixel: 4
0: shl:0 shr:0 mask:FF0000
1: shl:0 shr:0 mask:FF00
2: shl:0 shr:0 mask:FF
Bytes per pixel: 4
InstallProtocolInterface: 9042A9DE-23DC-4A38-96FB-7ADED080516A 6A9C8B8
InstallVbeShim: VBE shim installed
PixelBlueGreenRedReserved8BitPerColor
PixelBlueGreenRedReserved8BitPerColor
PixelBlueGreenRedReserved8BitPerColor
PixelBlueGreenRedReserved8BitPerColor
PixelBlueGreenRedReserved8BitPerColor
PixelBlueGreenRedReserved8BitPerColor
PixelBlueGreenRedReserved8BitPerColor
PixelBlueGreenRedReserved8BitPerColor
PixelBlueGreenRedReserved8BitPerColor
PixelBlueGreenRedReserved8BitPerColor
PixelBlueGreenRedReserved8BitPerColor
PixelBlueGreenRedReserved8BitPerColor
PixelBlueGreenRedReserved8BitPerColor
PixelBlueGreenRedReserved8BitPerColor
PixelBlueGreenRedReserved8BitPerColor
PixelBlueGreenRedReserved8BitPerColor
PixelBlueGreenRedReserved8BitPerColor
PixelBlueGreenRedReserved8BitPerColor
PixelBlueGreenRedReserved8BitPerColor
PixelBlueGreenRedReserved8BitPerColor
PixelBlueGreenRedReserved8BitPerColor
PixelBlueGreenRedReserved8BitPerColor
PixelBlueGreenRedReserved8BitPerColor
PixelBlueGreenRedReserved8BitPerColor
PixelBlueGreenRedReserved8BitPerColor
PixelBlueGreenRedReserved8BitPerColor
PixelBlueGreenRedReserved8BitPerColor
PixelBlueGreenRedReserved8BitPerColor
PixelBlueGreenRedReserved8BitPerColor
PixelBlueGreenRedReserved8BitPerColor
Select Item: 0xE
[Bds]RegisterKeyNotify: 000C/0000 80000000/00 Success
[Bds]RegisterKeyNotify: 0017/0000 80000000/00 Success
[Bds]RegisterKeyNotify: 0000/000D 80000000/00 Success
InstallProtocolInterface: 864E1CA8-85EB-4D63-9DCC-6E0FC90FFD55 6E48D98
InstallProtocolInterface: 09576E91-6D3F-11D2-8E39-00A0C969723B 6A9A298
InstallProtocolInterface: 215FDD18-BD50-4FEB-890B-58CA0B4739E9 6A9A5B8
InstallProtocolInterface: 09576E91-6D3F-11D2-8E39-00A0C969723B 6A6EE18
InstallProtocolInterface: 215FDD18-BD50-4FEB-890B-58CA0B4739E9 6A6EF38
InstallProtocolInterface: 09576E91-6D3F-11D2-8E39-00A0C969723B 6A6EA98
InstallProtocolInterface: 215FDD18-BD50-4FEB-890B-58CA0B4739E9 6A6EA38
ClockRate = 1843200
Divisor   = 1
BaudRate/Actual (115200/115200) = 100%
ClockRate = 1843200
Divisor   = 1
BaudRate/Actual (115200/115200) = 100%
InstallProtocolInterface: 09576E91-6D3F-11D2-8E39-00A0C969723B 6A6E218
InstallProtocolInterface: BB25CF6F-F1D4-11D2-9A0C-0090273FC1FD 6A6E4A8
PciSioSerial: Create SIO child serial device - Success
ClockRate = 1843200
Divisor   = 1
BaudRate/Actual (115200/115200) = 100%
Terminal - Mode 0, Column = 80, Row = 25
Terminal - Mode 1, Column = 80, Row = 50
Terminal - Mode 2, Column = 100, Row = 31
[2J[01;01H[=3h[2J[01;01HClockRate = 1843200
Divisor   = 1
BaudRate/Actual (115200/115200) = 100%
InstallProtocolInterface: 387477C1-69C7-11D2-8E39-00A0C969723B 6A6D6C0
InstallProtocolInterface: DD9E7534-7762-4698-8C14-F58517A625AA 6A6D7A8
InstallProtocolInterface: 387477C2-69C7-11D2-8E39-00A0C969723B 6A6D6D8
InstallProtocolInterface: 09576E91-6D3F-11D2-8E39-00A0C969723B 6A6D598
InstallProtocolInterface: D3B36F2B-D551-11D4-9A46-0090273FC14D 0
InstallProtocolInterface: D3B36F2C-D551-11D4-9A46-0090273FC14D 0
InstallProtocolInterface: D3B36F2D-D551-11D4-9A46-0090273FC14D 0
PixelBlueGreenRedReserved8BitPerColor
PixelBlueGreenRedReserved8BitPerColor
PixelBlueGreenRedReserved8BitPerColor
PixelBlueGreenRedReserved8BitPerColor
PixelBlueGreenRedReserved8BitPerColor
InitializeBochsGraphicsMode: 960x640 @ 32
PixelBlueGreenRedReserved8BitPerColor
FrameBufferBase: 0x80000000, FrameBufferSize: 0x258000
0: shl:0 shr:0 mask:FF0000
1: shl:0 shr:0 mask:FF00
2: shl:0 shr:0 mask:FF
Bytes per pixel: 4
0: shl:0 shr:0 mask:FF0000
1: shl:0 shr:0 mask:FF00
2: shl:0 shr:0 mask:FF
Bytes per pixel: 4
GraphicsConsole video resolution 960 x 640
Graphics - Mode 0, Column = 80, Row = 25
Graphics - Mode 1, Column = 0, Row = 0
Graphics - Mode 2, Column = 100, Row = 31
Graphics - Mode 3, Column = 120, Row = 33
Graphics Console Started, Mode: 0
InstallProtocolInterface: 387477C2-69C7-11D2-8E39-00A0C969723B 6A4A1B0
InstallProtocolInterface: D3B36F2C-D551-11D4-9A46-0090273FC14D 0
PixelBlueGreenRedReserved8BitPerColor
PixelBlueGreenRedReserved8BitPerColor
PixelBlueGreenRedReserved8BitPerColor
PixelBlueGreenRedReserved8BitPerColor
PixelBlueGreenRedReserved8BitPerColor
PixelBlueGreenRedReserved8BitPerColor
PixelBlueGreenRedReserved8BitPerColor
PixelBlueGreenRedReserved8BitPerColor
PixelBlueGreenRedReserved8BitPerColor
PixelBlueGreenRedReserved8BitPerColor
PixelBlueGreenRedReserved8BitPerColor
PixelBlueGreenRedReserved8BitPerColor
PixelBlueGreenRedReserved8BitPerColor
PixelBlueGreenRedReserved8BitPerColor
PixelBlueGreenRedReserved8BitPerColor
PixelBlueGreenRedReserved8BitPerColor
PixelBlueGreenRedReserved8BitPerColor
PixelBlueGreenRedReserved8BitPerColor
PixelBlueGreenRedReserved8BitPerColor
PixelBlueGreenRedReserved8BitPerColor
PixelBlueGreenRedReserved8BitPerColor
PixelBlueGreenRedReserved8BitPerColor
PixelBlueGreenRedReserved8BitPerColor
PixelBlueGreenRedReserved8BitPerColor
PixelBlueGreenRedReserved8BitPerColor
PixelBlueGreenRedReserved8BitPerColor
PixelBlueGreenRedReserved8BitPerColor
PixelBlueGreenRedReserved8BitPerColor
PixelBlueGreenRedReserved8BitPerColor
PixelBlueGreenRedReserved8BitPerColor
InstallProtocolInterface: 9042A9DE-23DC-4A38-96FB-7ADED080516A 6BA8FE0
ClockRate = 1843200
Divisor   = 1
BaudRate/Actual (115200/115200) = 100%
PciSioSerial: Create SIO child serial device - Device Error
InstallProtocolInterface: 387477C1-69C7-11D2-8E39-00A0C969723B 69BC028
InstallProtocolInterface: DD9E7534-7762-4698-8C14-F58517A625AA 69BC040
InstallProtocolInterface: D3B36F2B-D551-11D4-9A46-0090273FC14D 0
ClockRate = 1843200
Divisor   = 1
BaudRate/Actual (115200/115200) = 100%
PciSioSerial: Create SIO child serial device - Device Error
ClockRate = 1843200
Divisor   = 1
BaudRate/Actual (115200/115200) = 100%
PciSioSerial: Create SIO child serial device - Device Error
PlatformBootManagerAfterConsole
PlatformBdsPolicyBehavior: not restoring NvVars from disk since flash variables appear to be supported.
Boot Mode:0
PlatformBdsConnectSequence
Select Item: 0x19
EfiBootManagerConnectAll
ClockRate = 1843200
Divisor   = 1
BaudRate/Actual (115200/115200) = 100%
PciSioSerial: Create SIO child serial device - Device Error
SataControllerStart START
InstallProtocolInterface: A1E37052-80D9-4E65-A317-3E9A55C43EC9 69BBDA0
SataControllerStart END status = Success
==AtaAtapiPassThru Start== Controller = 6A9ED98
[primary  ] channel [master] [harddisk] device
Enabled S.M.A.R.T feature at [primary] channel [master] device!
CalculateBestPioMode: AdvancedPioMode = 3
IdeInitCalculateMode: PioMode = 4
CalculateBestUdmaMode: DeviceUDmaMode = 203F
IdeInitCalculateMode: UdmaMode = 5
[secondary] channel [master] [cdrom   ] device
CalculateBestPioMode: AdvancedPioMode = 3
IdeInitCalculateMode: PioMode = 3
CalculateBestUdmaMode: DeviceUDmaMode = 203F
IdeInitCalculateMode: UdmaMode = 5
InstallProtocolInterface: 1D3DE7F0-0807-424F-AA69-11A54E19A46F 6A055C0
InstallProtocolInterface: 143B7632-B81B-4CB7-ABD3-B625A5B9BFFE 6A05610
InstallProtocolInterface: 19DF145A-B1D4-453F-8507-38816676D7F6 69B9018
AtaBus - Identify Device: Port 0 PortMultiplierPort 0
InstallProtocolInterface: 09576E91-6D3F-11D2-8E39-00A0C969723B 69B9E98
InstallProtocolInterface: 964E5B21-6459-11D2-8E39-00A0C969723B 69B90A8
InstallProtocolInterface: A77B2472-E282-4E9F-A245-C2C0E27BBCC1 69B90D8
InstallProtocolInterface: D432A67F-14DC-484B-B3BB-3F0291849327 69B9130
Found TCG support in Port 0 PortMultiplierPort 0
InstallProtocolInterface: C88B0B6D-0DFC-49A7-9CB4-49074B4C3A78 69B9168
Successfully Install Storage Security Protocol on the ATA device
InstallProtocolInterface: 0167CCC4-D0F7-4F21-A3EF-9E64B7CDCE8B 69B6020
InstallProtocolInterface: 09576E91-6D3F-11D2-8E39-00A0C969723B 69B6E98
InstallProtocolInterface: 932F47E6-2362-4002-803E-3CD54B138F85 69B6BA8
InstallProtocolInterface: 964E5B21-6459-11D2-8E39-00A0C969723B 69B6138
InstallProtocolInterface: A77B2472-E282-4E9F-A245-C2C0E27BBCC1 69B6168
InstallProtocolInterface: D432A67F-14DC-484B-B3BB-3F0291849327 69B6260
InstallProtocolInterface: CE345171-BA0B-11D2-8E4F-00A0C969723B 69B5C20
InstallProtocolInterface: 151C8EAE-7F2C-472C-9E54-9828194F6A88 69B5C38
 BlockSize : 2048 
 LastBlock : 0 
FatOpenDevice: read of part_lba failed No Media
InstallProtocolInterface: CE345171-BA0B-11D2-8E4F-00A0C969723B 69B67A0
InstallProtocolInterface: 151C8EAE-7F2C-472C-9E54-9828194F6A88 69B67B8
 BlockSize : 512 
 LastBlock : FBFFF 
InstallProtocolInterface: 09576E91-6D3F-11D2-8E39-00A0C969723B 69B4E98
InstallProtocolInterface: 964E5B21-6459-11D2-8E39-00A0C969723B 69B40B0
InstallProtocolInterface: A77B2472-E282-4E9F-A245-C2C0E27BBCC1 69B40E0
InstallProtocolInterface: 8CF2F62C-BC9B-4821-808D-EC9EC421A1A0 69B4168
InstallProtocolInterface: CE345171-BA0B-11D2-8E4F-00A0C969723B 69B46A0
InstallProtocolInterface: 151C8EAE-7F2C-472C-9E54-9828194F6A88 69B46B8
 BlockSize : 512 
 LastBlock : FBFC0 
InstallProtocolInterface: 964E5B22-6459-11D2-8E39-00A0C969723B 69B2030
Installed Fat filesystem on 69B4E18
ClockRate = 1843200
Divisor   = 1
BaudRate/Actual (115200/115200) = 100%
PciSioSerial: Create SIO child serial device - Device Error
SataControllerStart START
SataControllerStart error return status = Already started
 BlockSize : 2048 
 LastBlock : 0 
FatOpenDevice: read of part_lba failed No Media
 BlockSize : 512 
 LastBlock : FBFFF 
ClockRate = 1843200
Divisor   = 1
BaudRate/Actual (115200/115200) = 100%
PciSioSerial: Create SIO child serial device - Device Error
Select Item: 0x19
[Bds]OsIndication: 0000000000000000
[Bds]=============Begin Load Options Dumping ...=============
  Driver Options:
  SysPrep Options:
  Boot Options:
    Boot0000: UiApp 		 0x0109
    Boot0001: UEFI QEMU DVD-ROM QM00003  		 0x0001
    Boot0002: EFI Internal Shell 		 0x0001
    Boot0003: UEFI QEMU HARDDISK QM00001  		 0x0001
  PlatformRecovery Options:
    PlatformRecovery0000: Default PlatformRecovery 		 0x0001
[Bds]=============End Load Options Dumping=============
[Bds]BdsWait ...Zzzzzzzzzzzz...
[Bds]Exit the waiting!
[Bds]Stop Hotkey Service!
[Bds]UnregisterKeyNotify: 000C/0000 Success
[Bds]UnregisterKeyNotify: 0017/0000 Success
[Bds]UnregisterKeyNotify: 0000/000D Success
Memory  Previous  Current    Next   
 Type    Pages     Pages     Pages  
======  ========  ========  ========
  0A    00000080  00000022  00000080
  09    00000010  00000008  00000010
  00    00000080  00000022  00000080
  05    00000100  000000AA  00000100
  06    00000100  0000015A  000001B0
Memory Type Information settings change.
[Bds]Booting UEFI QEMU DVD-ROM QM00003 
FatOpenDevice: read of part_lba failed No Media
 BlockSize : 2048 
 LastBlock : 0 
FatOpenDevice: read of part_lba failed No Media
[Bds] Expand PciRoot(0x0)/Pci(0x1,0x1)/Ata(Secondary,Master,0x0) -> <null string>
BdsDxe: failed to load Boot0001 "UEFI QEMU DVD-ROM QM00003 " from PciRoot(0x0)/Pci(0x1,0x1)/Ata(Secondary,Master,0x0): Not Found
Memory  Previous  Current    Next   
 Type    Pages     Pages     Pages  
======  ========  ========  ========
  0A    00000080  00000022  00000080
  09    00000010  00000008  00000010
  00    00000080  00000022  00000080
  05    00000100  000000AA  00000100
  06    00000100  0000015A  000001B0
Memory Type Information settings change.
[Bds]Booting EFI Internal Shell
[Bds] Expand Fv(7CB8BDC9-F8EB-4F34-AAEA-3EE4AF6516A1)/FvFile(7C04A583-9E3E-4F1C-AD65-E05268D0B4D1) -> Fv(7CB8BDC9-F8EB-4F34-AAEA-3EE4AF6516A1)/FvFile(7C04A583-9E3E-4F1C-AD65-E05268D0B4D1)
BdsDxe: loading Boot0002 "EFI Internal Shell" from Fv(7CB8BDC9-F8EB-4F34-AAEA-3EE4AF6516A1)/FvFile(7C04A583-9E3E-4F1C-AD65-E05268D0B4D1)
InstallProtocolInterface: 5B1B31A1-9562-11D2-8E3F-00A0C969723B 69AE6C0
Loading driver at 0x00006223000 EntryPoint=0x00006269053 Shell.efi
InstallProtocolInterface: BC62157E-3E33-4FEC-9920-2D3B36D750DF 6A05B98
ProtectUefiImageCommon - 0x69AE6C0
  - 0x0000000006223000 - 0x00000000000E0C80
BdsDxe: starting Boot0002 "EFI Internal Shell" from Fv(7CB8BDC9-F8EB-4F34-AAEA-3EE4AF6516A1)/FvFile(7C04A583-9E3E-4F1C-AD65-E05268D0B4D1)
[2J[01;01HInstallProtocolInterface: 387477C2-69C7-11D2-8E39-00A0C969723B 69AB620
InstallProtocolInterface: 752F3136-4E16-4FDC-A22A-E5F46812F4CA 69A6E18
InstallProtocolInterface: 6302D008-7F9B-4F30-87AC-60C9FEF5DA4E 62FF3A0
[01;01HUEFI Interactive Shell v2.2
EDK II
UEFI v2.70 (EDK II, 0x00010000)
[1m[33m[40mMapping table[0m[37m[40m
[1m[33m[40m      FS0:[0m[37m[40m [1m[37m[40mAlias(s):[0m[37m[40mHD0a1:;BLK1:
          PciRoot(0x0)/Pci(0x1,0x1)/Ata(0x0)/HD(1,MBR,0xBE1AFDFA,0x3F,0xFBFC1)
[1m[33m[40m     BLK0:[0m[37m[40m [1m[37m[40mAlias(s):[0m[37m[40m
          PciRoot(0x0)/Pci(0x1,0x1)/Ata(0x0)
[1m[33m[40m     BLK2:[0m[37m[40m [1m[37m[40mAlias(s):[0m[37m[40m
          PciRoot(0x0)/Pci(0x1,0x1)/Ata(0x0)
[11;01HPress [1m[37m[40mESC[0m[37m[40m in 5 seconds to skip [1m[33m[40mstartup.nsh[0m[37m[40m or any other key to continue.[11;01HPress [1m[37m[40mESC[0m[37m[40m in 4 seconds to skip [1m[33m[40mstartup.nsh[0m[37m[40m or any other key to continue.[11;01HPress [1m[37m[40mESC[0m[37m[40m in 3 seconds to skip [1m[33m[40mstartup.nsh[0m[37m[40m or any other key to continue.[11;01HPress [1m[37m[40mESC[0m[37m[40m in 2 seconds to skip [1m[33m[40mstartup.nsh[0m[37m[40m or any other key to continue.[11;01HPress [1m[37m[40mESC[0m[37m[40m in 1 seconds to skip [1m[33m[40mstartup.nsh[0m[37m[40m or any other key to continue.
[12;01H[1m[33m[40mShell> [0m[37m[40m